{
  "uid" : "99132f6ed67f6e11",
  "name" : "test_work02",
  "fullName" : "test_0728work.TestWork#test_work02",
  "historyId" : "86964066795fe6cb70a5d55da6764828",
  "time" : {
    "start" : 1571541258742,
    "stop" : 1571541258840,
    "duration" : 98
  },
  "description" : "最新发布的帖子浏览",
  "descriptionHtml" : "<p>最新发布的帖子浏览</p>\n",
  "status" : "failed",
  "statusMessage" : "AssertionError: Test Failed!!!\nassert '最新发布' == '查看更多...'\n  - 最新发布\n  + 查看更多...",
  "statusTrace" : "self = <Work.test_0728work.TestWork object at 0x1041cc518>\n\n    @allure.description(\"最新发布的帖子浏览\")\n    def test_work02(self):\n        self.find_element_until_visibility((By.CSS_SELECTOR, 'a[href*=\"last\"]')).click()\n        # sleep(3)\n        topic = self.find_element_until_visibility((By.CSS_SELECTOR, 'a[href=\"/topics/last\"]')).text\n        logging.info(topic)\n>       assert \"最新发布\" == topic, \"Test Failed!!!\"\nE       AssertionError: Test Failed!!!\nE       assert '最新发布' == '查看更多...'\nE         - 最新发布\nE         + 查看更多...\n\ntest_0728work.py:54: AssertionError",
  "flaky" : false,
  "newFailed" : false,
  "beforeStages" : [ {
    "name" : "_Class__pytest_setup_method",
    "time" : {
      "start" : 1571541255491,
      "stop" : 1571541258740,
      "duration" : 3249
    },
    "status" : "passed",
    "steps" : [ ],
    "attachments" : [ ],
    "parameters" : [ ],
    "stepsCount" : 0,
    "attachmentsCount" : 0,
    "shouldDisplayMessage" : false,
    "hasContent" : false
  } ],
  "testStage" : {
    "description" : "最新发布的帖子浏览",
    "status" : "failed",
    "statusMessage" : "AssertionError: Test Failed!!!\nassert '最新发布' == '查看更多...'\n  - 最新发布\n  + 查看更多...",
    "statusTrace" : "self = <Work.test_0728work.TestWork object at 0x1041cc518>\n\n    @allure.description(\"最新发布的帖子浏览\")\n    def test_work02(self):\n        self.find_element_until_visibility((By.CSS_SELECTOR, 'a[href*=\"last\"]')).click()\n        # sleep(3)\n        topic = self.find_element_until_visibility((By.CSS_SELECTOR, 'a[href=\"/topics/last\"]')).text\n        logging.info(topic)\n>       assert \"最新发布\" == topic, \"Test Failed!!!\"\nE       AssertionError: Test Failed!!!\nE       assert '最新发布' == '查看更多...'\nE         - 最新发布\nE         + 查看更多...\n\ntest_0728work.py:54: AssertionError",
    "steps" : [ ],
    "attachments" : [ {
      "uid" : "71b973966702c1ce",
      "name" : "log",
      "source" : "71b973966702c1ce.txt",
      "type" : "text/plain",
      "size" : 5639
    }, {
      "uid" : "e5fd08776d7df06f",
      "name" : "stderr",
      "source" : "e5fd08776d7df06f.txt",
      "type" : "text/plain",
      "size" : 4493
    } ],
    "parameters" : [ ],
    "stepsCount" : 0,
    "attachmentsCount" : 2,
    "shouldDisplayMessage" : true,
    "hasContent" : true
  },
  "afterStages" : [ {
    "name" : "_Class__pytest_setup_method::0",
    "time" : {
      "start" : 1571541258845,
      "stop" : 1571541258917,
      "duration" : 72
    },
    "status" : "passed",
    "steps" : [ ],
    "attachments" : [ ],
    "parameters" : [ ],
    "stepsCount" : 0,
    "attachmentsCount" : 0,
    "shouldDisplayMessage" : false,
    "hasContent" : false
  } ],
  "labels" : [ {
    "name" : "suite",
    "value" : "test_0728work"
  }, {
    "name" : "subSuite",
    "value" : "TestWork"
  }, {
    "name" : "host",
    "value" : "ParsondeMacBook-Pro.local"
  }, {
    "name" : "thread",
    "value" : "3352-MainThread"
  }, {
    "name" : "framework",
    "value" : "pytest"
  }, {
    "name" : "language",
    "value" : "cpython3"
  }, {
    "name" : "package",
    "value" : "test_0728work"
  }, {
    "name" : "resultFormat",
    "value" : "allure2"
  } ],
  "parameters" : [ ],
  "links" : [ ],
  "hidden" : true,
  "retry" : true,
  "extra" : {
    "categories" : [ ],
    "tags" : [ ]
  },
  "source" : "99132f6ed67f6e11.json",
  "parameterValues" : [ ]
}