{"name": "test_six[30-5-6]", "status": "failed", "statusDetails": {"message": "AssertionError: assert 35 == 6\n +  where 35 = add(30, 5)", "trace": "self = <Work.test_work.TestB object at 0x10df2fc50>, a = 30, b = 5, expected = 6\n\n    @pytest.mark.parametrize(\"a,b,expected\", json.load(open(\"calc.json\")))\n    def test_six(self, a, b, expected):\n        logging.info(\"This is test_six!!!\")\n>       assert add(a, b) == expected\nE       assert 35 == 6\nE        +  where 35 = add(30, 5)\n\ntest_work.py:58: AssertionError"}, "attachments": [{"name": "log", "source": "b156491c-68c9-4615-9f2c-efa6c1027c8e-attachment.txt", "type": "text/plain"}, {"name": "stderr", "source": "a4941803-85a9-4cf1-a2f8-95b733787500-attachment.txt", "type": "text/plain"}], "parameters": [{"name": "a", "value": "30"}, {"name": "b", "value": "5"}, {"name": "expected", "value": "6"}], "start": 1573546636474, "stop": 1573546636474, "uuid": "796f5daf-7395-4f28-a87d-3798c0f16cb3", "historyId": "9252472437623d87a04201feaaae742f", "testCaseId": "33cda52eda96a5e8528fcc03f1cd347a", "fullName": "test_work.TestB#test_six", "labels": [{"name": "suite", "value": "test_work"}, {"name": "subSuite", "value": "TestB"}, {"name": "host", "value": "ZTL.local"}, {"name": "thread", "value": "3894-MainThread"}, {"name": "framework", "value": "pytest"}, {"name": "language", "value": "cpython3"}, {"name": "package", "value": "test_work"}]}