{"name": "test_div[5-5-10]", "status": "failed", "statusDetails": {"message": "AssertionError: Test Failed!!!\nassert 10 == 1.0", "trace": "self = <Work.test_params.TestParams object at 0x10df37f28>, a = 5, b = 5\nexpected = 10\n\n    @allure.description(\"除法计算\")\n    @pytest.mark.parametrize(\"a,b,expected\", json.load(open(\"calc.json\")))\n    def test_div(self, a, b, expected):\n        sum = div(a, b)\n>       assert expected == sum, \"Test Failed!!!\"\nE       AssertionError: Test Failed!!!\nE       assert 10 == 1.0\n\ntest_params.py:69: AssertionError"}, "description": "除法计算", "attachments": [{"name": "log", "source": "093abaa3-b223-4b56-b716-365d113bbbbc-attachment.txt", "type": "text/plain"}, {"name": "stderr", "source": "4151028d-9829-4823-97c5-5478aebe9e3b-attachment.txt", "type": "text/plain"}], "parameters": [{"name": "a", "value": "5"}, {"name": "b", "value": "5"}, {"name": "expected", "value": "10"}], "start": 1573546636634, "stop": 1573546636635, "uuid": "72e28308-85dd-498b-b511-843a7231506f", "historyId": "a4bd6bd4dd0ec64a864ee4c364a02ed8", "testCaseId": "243ba8f9a2029d8defe85efe50ba144b", "fullName": "test_params.TestParams#test_div", "labels": [{"name": "suite", "value": "test_params"}, {"name": "subSuite", "value": "TestParams"}, {"name": "host", "value": "ZTL.local"}, {"name": "thread", "value": "3894-MainThread"}, {"name": "framework", "value": "pytest"}, {"name": "language", "value": "cpython3"}, {"name": "package", "value": "test_params"}]}