{"name": "test_div[6-9-13]", "status": "failed", "statusDetails": {"message": "AssertionError: Test Failed!!!\nassert 13 == 0.6666666666666666", "trace": "self = <Work.test_params.TestParams object at 0x10df214a8>, a = 6, b = 9\nexpected = 13\n\n    @allure.description(\"除法计算\")\n    @pytest.mark.parametrize(\"a,b,expected\", json.load(open(\"calc.json\")))\n    def test_div(self, a, b, expected):\n        sum = div(a, b)\n>       assert expected == sum, \"Test Failed!!!\"\nE       AssertionError: Test Failed!!!\nE       assert 13 == 0.6666666666666666\n\ntest_params.py:69: AssertionError"}, "description": "除法计算", "attachments": [{"name": "log", "source": "bc329756-ad56-4e06-a730-f8d18a3e6a6e-attachment.txt", "type": "text/plain"}, {"name": "stderr", "source": "99b720d1-1ac2-4b98-a5ad-5dbac2a0a666-attachment.txt", "type": "text/plain"}], "parameters": [{"name": "a", "value": "6"}, {"name": "b", "value": "9"}, {"name": "expected", "value": "13"}], "start": 1573546636647, "stop": 1573546636648, "uuid": "1d52d800-ea87-4738-ba87-1af16635f8bf", "historyId": "03ecdd0bf7d33869c017ec76ee5de413", "testCaseId": "243ba8f9a2029d8defe85efe50ba144b", "fullName": "test_params.TestParams#test_div", "labels": [{"name": "suite", "value": "test_params"}, {"name": "subSuite", "value": "TestParams"}, {"name": "host", "value": "ZTL.local"}, {"name": "thread", "value": "3894-MainThread"}, {"name": "framework", "value": "pytest"}, {"name": "language", "value": "cpython3"}, {"name": "package", "value": "test_params"}]}