{"name": "test_sub[9-9-18]", "status": "failed", "statusDetails": {"message": "AssertionError: Test Failed!!!\nassert 18 == 0", "trace": "self = <Work.test_params.TestParams object at 0x10df21d68>, a = 9, b = 9\nexpected = 18\n\n    @allure.description(\"减法计算\")\n    @pytest.mark.parametrize(\"a,b,expected\", yaml.load(open(\"params.yaml\"))[\"Sub\"])\n    def test_sub(self, a, b, expected):\n        sum = sub(a, b)\n>       assert expected == sum, \"Test Failed!!!\"\nE       AssertionError: Test Failed!!!\nE       assert 18 == 0\n\ntest_params.py:57: AssertionError"}, "description": "减法计算", "attachments": [{"name": "log", "source": "fcf43813-fbc1-4519-9f16-9c13d3318f5e-attachment.txt", "type": "text/plain"}, {"name": "stderr", "source": "5a8d0689-f4a3-4fce-8c57-5381c6675096-attachment.txt", "type": "text/plain"}], "parameters": [{"name": "a", "value": "9"}, {"name": "b", "value": "9"}, {"name": "expected", "value": "18"}], "start": 1573546636556, "stop": 1573546636556, "uuid": "7693fd3c-ffa4-4e6e-860b-81aeb36901bc", "historyId": "6b0def890cb6c9ae528044507ac6e7db", "testCaseId": "370d5971ba1292590aa7151d82abd322", "fullName": "test_params.TestParams#test_sub", "labels": [{"name": "suite", "value": "test_params"}, {"name": "subSuite", "value": "TestParams"}, {"name": "host", "value": "ZTL.local"}, {"name": "thread", "value": "3894-MainThread"}, {"name": "framework", "value": "pytest"}, {"name": "language", "value": "cpython3"}, {"name": "package", "value": "test_params"}]}