{"name": "test_sub[20-4-5]", "status": "failed", "statusDetails": {"message": "AssertionError: Test Failed!!!\nassert 5 == 16", "trace": "self = <Work.test_params.TestParams object at 0x10df425f8>, a = 20, b = 4\nexpected = 5\n\n    @allure.description(\"减法计算\")\n    @pytest.mark.parametrize(\"a,b,expected\", yaml.load(open(\"params.yaml\"))[\"Sub\"])\n    def test_sub(self, a, b, expected):\n        sum = sub(a, b)\n>       assert expected == sum, \"Test Failed!!!\"\nE       AssertionError: Test Failed!!!\nE       assert 5 == 16\n\ntest_params.py:57: AssertionError"}, "description": "减法计算", "attachments": [{"name": "log", "source": "a2fdb1f5-1495-45c7-ab4d-2d678ee6f489-attachment.txt", "type": "text/plain"}, {"name": "stderr", "source": "a15844c3-d81c-4d84-a11a-da4d46f364cf-attachment.txt", "type": "text/plain"}], "parameters": [{"name": "a", "value": "20"}, {"name": "b", "value": "4"}, {"name": "expected", "value": "5"}], "start": 1573546636563, "stop": 1573546636563, "uuid": "07d701be-4059-405d-b104-45906ef26bc5", "historyId": "e2ae3185996a45e239bc74873545fcc7", "testCaseId": "370d5971ba1292590aa7151d82abd322", "fullName": "test_params.TestParams#test_sub", "labels": [{"name": "suite", "value": "test_params"}, {"name": "subSuite", "value": "TestParams"}, {"name": "host", "value": "ZTL.local"}, {"name": "thread", "value": "3894-MainThread"}, {"name": "framework", "value": "pytest"}, {"name": "language", "value": "cpython3"}, {"name": "package", "value": "test_params"}]}