{"name": "test_sub[9-6-15]", "status": "failed", "statusDetails": {"message": "AssertionError: Test Failed!!!\nassert 15 == 3", "trace": "self = <Work.test_params.TestParams object at 0x10dea3cc0>, a = 9, b = 6\nexpected = 15\n\n    @allure.description(\"减法计算\")\n    @pytest.mark.parametrize(\"a,b,expected\", yaml.load(open(\"params.yaml\"))[\"Sub\"])\n    def test_sub(self, a, b, expected):\n        sum = sub(a, b)\n>       assert expected == sum, \"Test Failed!!!\"\nE       AssertionError: Test Failed!!!\nE       assert 15 == 3\n\ntest_params.py:57: AssertionError"}, "description": "减法计算", "attachments": [{"name": "log", "source": "e2080bfa-260c-4f55-bc70-d57d20b5c43a-attachment.txt", "type": "text/plain"}, {"name": "stderr", "source": "04456b5d-fc08-498f-b10d-06abd421bf76-attachment.txt", "type": "text/plain"}], "parameters": [{"name": "a", "value": "9"}, {"name": "b", "value": "6"}, {"name": "expected", "value": "15"}], "start": 1573546636541, "stop": 1573546636542, "uuid": "07256960-89eb-4990-886f-8ec2d92a849f", "historyId": "32e388f8acdf06f52a7d579344538255", "testCaseId": "370d5971ba1292590aa7151d82abd322", "fullName": "test_params.TestParams#test_sub", "labels": [{"name": "suite", "value": "test_params"}, {"name": "subSuite", "value": "TestParams"}, {"name": "host", "value": "ZTL.local"}, {"name": "thread", "value": "3894-MainThread"}, {"name": "framework", "value": "pytest"}, {"name": "language", "value": "cpython3"}, {"name": "package", "value": "test_params"}]}