{"name": "test_mul[9-9-18]", "status": "failed", "statusDetails": {"message": "AssertionError: Test Failed!!!\nassert 18 == 81", "trace": "self = <Work.test_params.TestParams object at 0x10df42eb8>, a = 9, b = 9\nexpected = 18\n\n    @allure.description(\"乘法计算\")\n    @pytest.mark.parametrize(\"a,b,expected\", yaml.load(open(\"params.yaml\"))[\"Mul\"])\n    def test_mul(self, a, b, expected):\n        sum = mul(a, b)\n>       assert expected == sum, \"Test Failed!!!\"\nE       AssertionError: Test Failed!!!\nE       assert 18 == 81\n\ntest_params.py:63: AssertionError"}, "description": "乘法计算", "attachments": [{"name": "log", "source": "83850a8a-2f36-4ae5-a61a-cd556da48297-attachment.txt", "type": "text/plain"}, {"name": "stderr", "source": "185582df-adb8-484b-8111-5a212799d1b4-attachment.txt", "type": "text/plain"}], "parameters": [{"name": "a", "value": "9"}, {"name": "b", "value": "9"}, {"name": "expected", "value": "18"}], "start": 1573546636592, "stop": 1573546636592, "uuid": "18d42aed-3523-455e-8330-fe54cbf91aed", "historyId": "24f0bcbfa2214d9c81cdb9bafcdd0eb7", "testCaseId": "6107f4c26291394d677dde20760f05d3", "fullName": "test_params.TestParams#test_mul", "labels": [{"name": "suite", "value": "test_params"}, {"name": "subSuite", "value": "TestParams"}, {"name": "host", "value": "ZTL.local"}, {"name": "thread", "value": "3894-MainThread"}, {"name": "framework", "value": "pytest"}, {"name": "language", "value": "cpython3"}, {"name": "package", "value": "test_params"}]}