{"name": "test_nine[8-6-2]", "status": "failed", "statusDetails": {"message": "AssertionError: assert 14 == 2\n +  where 14 = add(8, 6)", "trace": "self = <Work.test_work2.TestC object at 0x10df37e10>, module = None, a = 8\nb = 6, expected = 2\n\n    @pytest.mark.run(order=2)\n    @pytest.mark.parametrize(\"a,b,expected\", yaml.load(open(\"calc.yaml\")))\n    def test_nine(self, module, a, b, expected):\n        logging.info(\"This is test_nine!!!\")\n>       assert add(a, b) == expected\nE       assert 14 == 2\nE        +  where 14 = add(8, 6)\n\ntest_work2.py:63: AssertionError"}, "attachments": [{"name": "log", "source": "46631861-6804-4522-baf6-c6bb92676101-attachment.txt", "type": "text/plain"}, {"name": "stderr", "source": "7fbcd1ea-898d-4387-856c-aea0edb4115e-attachment.txt", "type": "text/plain"}], "parameters": [{"name": "a", "value": "8"}, {"name": "b", "value": "6"}, {"name": "expected", "value": "2"}], "start": 1573546636421, "stop": 1573546636421, "uuid": "028b7445-bd22-414c-b303-e44c1c47cf15", "historyId": "904f4ded503097a82b391ed078273134", "testCaseId": "34948f2ea323885fecbb4c0c730ce3c1", "fullName": "test_work2.TestC#test_nine", "labels": [{"name": "suite", "value": "test_work2"}, {"name": "subSuite", "value": "TestC"}, {"name": "host", "value": "ZTL.local"}, {"name": "thread", "value": "3894-MainThread"}, {"name": "framework", "value": "pytest"}, {"name": "language", "value": "cpython3"}, {"name": "package", "value": "test_work2"}]}