{"name": "test_six[10-2-5]", "status": "failed", "statusDetails": {"message": "AssertionError: assert 12 == 5\n +  where 12 = add(10, 2)", "trace": "self = <Work.test_work.TestB object at 0x10df37400>, a = 10, b = 2, expected = 5\n\n    @pytest.mark.parametrize(\"a,b,expected\", json.load(open(\"calc.json\")))\n    def test_six(self, a, b, expected):\n        logging.info(\"This is test_six!!!\")\n>       assert add(a, b) == expected\nE       assert 12 == 5\nE        +  where 12 = add(10, 2)\n\ntest_work.py:58: AssertionError"}, "attachments": [{"name": "log", "source": "ac609ebb-d706-44d3-b98c-ff824f4191ed-attachment.txt", "type": "text/plain"}, {"name": "stderr", "source": "57209e56-c839-4484-b8f7-2f67557d46f8-attachment.txt", "type": "text/plain"}], "parameters": [{"name": "a", "value": "10"}, {"name": "b", "value": "2"}, {"name": "expected", "value": "5"}], "start": 1573546636467, "stop": 1573546636467, "uuid": "19b12617-8b60-4c21-a4e6-fa8d4987208e", "historyId": "e093b09795bebea712eddc35eadbcb50", "testCaseId": "33cda52eda96a5e8528fcc03f1cd347a", "fullName": "test_work.TestB#test_six", "labels": [{"name": "suite", "value": "test_work"}, {"name": "subSuite", "value": "TestB"}, {"name": "host", "value": "ZTL.local"}, {"name": "thread", "value": "3894-MainThread"}, {"name": "framework", "value": "pytest"}, {"name": "language", "value": "cpython3"}, {"name": "package", "value": "test_work"}]}