{"name": "test_div[3-6-9]", "status": "failed", "statusDetails": {"message": "AssertionError: Test Failed!!!\nassert 9 == 0.5", "trace": "self = <Work.test_params.TestParams object at 0x10df5d4e0>, a = 3, b = 6\nexpected = 9\n\n    @allure.description(\"除法计算\")\n    @pytest.mark.parametrize(\"a,b,expected\", json.load(open(\"calc.json\")))\n    def test_div(self, a, b, expected):\n        sum = div(a, b)\n>       assert expected == sum, \"Test Failed!!!\"\nE       AssertionError: Test Failed!!!\nE       assert 9 == 0.5\n\ntest_params.py:69: AssertionError"}, "description": "除法计算", "attachments": [{"name": "log", "source": "2d55cae8-70fa-4951-8213-7f3a271daa92-attachment.txt", "type": "text/plain"}, {"name": "stderr", "source": "d8c523d6-8174-4b65-b51c-0bfe32e2916a-attachment.txt", "type": "text/plain"}], "parameters": [{"name": "a", "value": "3"}, {"name": "b", "value": "6"}, {"name": "expected", "value": "9"}], "start": 1573546636627, "stop": 1573546636628, "uuid": "cd4489a4-d736-4fde-81f7-576efdf339d5", "historyId": "14398347fc48cce2860bafbc24279bc8", "testCaseId": "243ba8f9a2029d8defe85efe50ba144b", "fullName": "test_params.TestParams#test_div", "labels": [{"name": "suite", "value": "test_params"}, {"name": "subSuite", "value": "TestParams"}, {"name": "host", "value": "ZTL.local"}, {"name": "thread", "value": "3894-MainThread"}, {"name": "framework", "value": "pytest"}, {"name": "language", "value": "cpython3"}, {"name": "package", "value": "test_params"}]}