{"name": "test_sub[3-3-9]", "status": "failed", "statusDetails": {"message": "AssertionError: Test Failed!!!\nassert 9 == 0", "trace": "self = <Work.test_params.TestParams object at 0x10df4e630>, a = 3, b = 3\nexpected = 9\n\n    @allure.description(\"减法计算\")\n    @pytest.mark.parametrize(\"a,b,expected\", yaml.load(open(\"params.yaml\"))[\"Sub\"])\n    def test_sub(self, a, b, expected):\n        sum = sub(a, b)\n>       assert expected == sum, \"Test Failed!!!\"\nE       AssertionError: Test Failed!!!\nE       assert 9 == 0\n\ntest_params.py:57: AssertionError"}, "description": "减法计算", "attachments": [{"name": "log", "source": "b5a10e34-a52f-498d-854e-ee46f6f92b6a-attachment.txt", "type": "text/plain"}, {"name": "stderr", "source": "79b571b7-2a02-4cb0-87da-f3f69e370cd8-attachment.txt", "type": "text/plain"}], "parameters": [{"name": "a", "value": "3"}, {"name": "b", "value": "3"}, {"name": "expected", "value": "9"}], "start": 1573546636534, "stop": 1573546636534, "uuid": "58075b9f-d4e9-4e2e-ac06-90b107da947a", "historyId": "5add922e42c354688202d450e8439457", "testCaseId": "370d5971ba1292590aa7151d82abd322", "fullName": "test_params.TestParams#test_sub", "labels": [{"name": "suite", "value": "test_params"}, {"name": "subSuite", "value": "TestParams"}, {"name": "host", "value": "ZTL.local"}, {"name": "thread", "value": "3894-MainThread"}, {"name": "framework", "value": "pytest"}, {"name": "language", "value": "cpython3"}, {"name": "package", "value": "test_params"}]}