{"name": "test_six[6-9-13]", "status": "failed", "statusDetails": {"message": "AssertionError: assert 15 == 13\n +  where 15 = add(6, 9)", "trace": "self = <Work.test_work2.TestB object at 0x100fce0f0>, module = None\nclassB_start = None, a = 6, b = 9, expected = 13\n\n    @pytest.mark.parametrize(\"a,b,expected\", json.load(open(\"calc.json\")))\n    def test_six(self, module, classB_start, a, b, expected):\n        # a = json.load(open(\"calc.json\"))\n        # print(a[\"login\"])\n        logging.info(\"This is test_six!!!\")\n>       assert add(a, b) == expected\nE       assert 15 == 13\nE        +  where 15 = add(6, 9)\n\ntest_work2.py:45: AssertionError"}, "attachments": [{"name": "log", "source": "3d0be74c-a13c-46c8-98c7-b3049ea7343f-attachment.txt", "type": "text/plain"}, {"name": "stderr", "source": "3512ffaa-6d5e-4de0-a5cc-b886eab33e6d-attachment.txt", "type": "text/plain"}], "parameters": [{"name": "a", "value": "6"}, {"name": "b", "value": "9"}, {"name": "expected", "value": "13"}], "start": 1572057907106, "stop": 1572057907106, "uuid": "672e2996-e2e3-46a9-9f83-c25d78433659", "historyId": "ee7ec1a16f5c08ad1f28f68816b4f5b5", "testCaseId": "4f6de44d5dec1d8b69075d2b48ad4434", "fullName": "test_work2.TestB#test_six", "labels": [{"name": "suite", "value": "test_work2"}, {"name": "subSuite", "value": "TestB"}, {"name": "host", "value": "ParsondeMacBook-Pro.local"}, {"name": "thread", "value": "6382-MainThread"}, {"name": "framework", "value": "pytest"}, {"name": "language", "value": "cpython3"}, {"name": "package", "value": "test_work2"}]}