{"name": "test_nine[8-6-2]", "status": "failed", "statusDetails": {"message": "AssertionError: assert 14 == 2\n +  where 14 = add(8, 6)", "trace": "self = <Work.test_work.TestC object at 0x1020def60>, a = 8, b = 6, expected = 2\n\n    @pytest.mark.run(order=2)\n    # @pytest.mark.run('second')\n    @pytest.mark.parametrize(\"a,b,expected\", yaml.load(open(\"calc.yaml\")))\n    def test_nine(self, a, b, expected):\n        logging.info(\"This is test_nine!!!\")\n>       assert add(a, b) == expected\nE       assert 14 == 2\nE        +  where 14 = add(8, 6)\n\ntest_work.py:81: AssertionError"}, "attachments": [{"name": "log", "source": "53ad366c-586a-42e3-9b10-b50c45acc4dd-attachment.txt", "type": "text/plain"}, {"name": "stderr", "source": "f58a3ef6-f08f-450c-aa1e-b4789094c584-attachment.txt", "type": "text/plain"}], "parameters": [{"name": "a", "value": "8"}, {"name": "b", "value": "6"}, {"name": "expected", "value": "2"}], "start": 1572057907031, "stop": 1572057907032, "uuid": "13a800d6-87f2-43a9-993f-ab0d8884562a", "historyId": "1421ced879ca407d6d0fe92ae584a01a", "testCaseId": "94eee2a481c08a178297ee94c3c1d95a", "fullName": "test_work.TestC#test_nine", "labels": [{"name": "suite", "value": "test_work"}, {"name": "subSuite", "value": "TestC"}, {"name": "host", "value": "ParsondeMacBook-Pro.local"}, {"name": "thread", "value": "6382-MainThread"}, {"name": "framework", "value": "pytest"}, {"name": "language", "value": "cpython3"}, {"name": "package", "value": "test_work"}]}