{"name": "test_add[5-7-9]", "status": "failed", "statusDetails": {"message": "AssertionError: Test Failed!!!\nassert 9 == 12", "trace": "self = <Work.test_params.TestParams object at 0x100fb5400>, a = 5, b = 7\nexpected = 9\n\n    @allure.description(\"加法计算\")\n    @pytest.mark.parametrize(\"a,b,expected\", [(5, 7, 9),\n                                              (4,4,8),\n                                              (9,9,18),\n                                              (40,40,1),\n                                              (6,5,30)])\n    def test_add(self,a,b,expected):\n        sum = add(a,b)\n>       assert expected == sum,\"Test Failed!!!\"\nE       AssertionError: Test Failed!!!\nE       assert 9 == 12\n\ntest_params.py:47: AssertionError"}, "description": "加法计算", "attachments": [{"name": "log", "source": "ad8a43ae-e9e2-4ef3-848a-beafb50c137f-attachment.txt", "type": "text/plain"}, {"name": "stderr", "source": "7df36dc4-985f-4885-a279-877abe04186e-attachment.txt", "type": "text/plain"}], "parameters": [{"name": "a", "value": "5"}, {"name": "b", "value": "7"}, {"name": "expected", "value": "9"}], "start": 1572057907204, "stop": 1572057907205, "uuid": "4b68666d-c1f7-4bd9-9e42-a49db3b224a7", "historyId": "0eb9a4f5e5f04a49166bf97c3c0694f2", "testCaseId": "5e9e0a754422f4a1cda34a85c2742411", "fullName": "test_params.TestParams#test_add", "labels": [{"name": "suite", "value": "test_params"}, {"name": "subSuite", "value": "TestParams"}, {"name": "host", "value": "ParsondeMacBook-Pro.local"}, {"name": "thread", "value": "6382-MainThread"}, {"name": "framework", "value": "pytest"}, {"name": "language", "value": "cpython3"}, {"name": "package", "value": "test_params"}]}