{"name": "test_add[40-40-1]", "status": "failed", "statusDetails": {"message": "AssertionError: Test Failed!!!\nassert 1 == 80", "trace": "self = <Work.test_params.TestParams object at 0x1020de908>, a = 40, b = 40\nexpected = 1\n\n    @allure.description(\"加法计算\")\n    @pytest.mark.parametrize(\"a,b,expected\", [(5, 7, 9),\n                                              (4,4,8),\n                                              (9,9,18),\n                                              (40,40,1),\n                                              (6,5,30)])\n    def test_add(self,a,b,expected):\n        sum = add(a,b)\n>       assert expected == sum,\"Test Failed!!!\"\nE       AssertionError: Test Failed!!!\nE       assert 1 == 80\n\ntest_params.py:47: AssertionError"}, "description": "加法计算", "attachments": [{"name": "log", "source": "61b9fbd5-2d3b-4c03-a23e-ed2ac0da92af-attachment.txt", "type": "text/plain"}, {"name": "stderr", "source": "dab0d236-7b6e-4d34-866a-7791f548bc4b-attachment.txt", "type": "text/plain"}], "parameters": [{"name": "a", "value": "40"}, {"name": "b", "value": "40"}, {"name": "expected", "value": "1"}], "start": 1572057907225, "stop": 1572057907225, "uuid": "7b925751-894e-4d2b-8198-ab3a6adeac53", "historyId": "b76acea2ea277bb96d1868f183ffdb43", "testCaseId": "5e9e0a754422f4a1cda34a85c2742411", "fullName": "test_params.TestParams#test_add", "labels": [{"name": "suite", "value": "test_params"}, {"name": "subSuite", "value": "TestParams"}, {"name": "host", "value": "ParsondeMacBook-Pro.local"}, {"name": "thread", "value": "6382-MainThread"}, {"name": "framework", "value": "pytest"}, {"name": "language", "value": "cpython3"}, {"name": "package", "value": "test_params"}]}