{
  "uid" : "6adb27da21852c00",
  "name" : "test_six[6-9-13]",
  "fullName" : "test_work2.TestB#test_six",
  "historyId" : "ee7ec1a16f5c08ad1f28f68816b4f5b5",
  "time" : {
    "start" : 1572058204747,
    "stop" : 1572058204748,
    "duration" : 1
  },
  "status" : "failed",
  "statusMessage" : "AssertionError: assert 15 == 13\n +  where 15 = add(6, 9)",
  "statusTrace" : "self = <Work.test_work2.TestB object at 0x10c644128>, module = None\nclassB_start = None, a = 6, b = 9, expected = 13\n\n    @pytest.mark.parametrize(\"a,b,expected\", json.load(open(\"calc.json\")))\n    def test_six(self, module, classB_start, a, b, expected):\n        # a = json.load(open(\"calc.json\"))\n        # print(a[\"login\"])\n        logging.info(\"This is test_six!!!\")\n>       assert add(a, b) == expected\nE       assert 15 == 13\nE        +  where 15 = add(6, 9)\n\ntest_work2.py:45: AssertionError",
  "flaky" : false,
  "newFailed" : false,
  "beforeStages" : [ {
    "name" : "classB_start",
    "time" : {
      "start" : 1572058204746,
      "stop" : 1572058204746,
      "duration" : 0
    },
    "status" : "passed",
    "steps" : [ ],
    "attachments" : [ ],
    "parameters" : [ ],
    "stepsCount" : 0,
    "attachmentsCount" : 0,
    "shouldDisplayMessage" : false,
    "hasContent" : false
  }, {
    "name" : "module",
    "time" : {
      "start" : 1572058204700,
      "stop" : 1572058204700,
      "duration" : 0
    },
    "status" : "passed",
    "steps" : [ ],
    "attachments" : [ ],
    "parameters" : [ ],
    "stepsCount" : 0,
    "attachmentsCount" : 0,
    "shouldDisplayMessage" : false,
    "hasContent" : false
  } ],
  "testStage" : {
    "status" : "failed",
    "statusMessage" : "AssertionError: assert 15 == 13\n +  where 15 = add(6, 9)",
    "statusTrace" : "self = <Work.test_work2.TestB object at 0x10c644128>, module = None\nclassB_start = None, a = 6, b = 9, expected = 13\n\n    @pytest.mark.parametrize(\"a,b,expected\", json.load(open(\"calc.json\")))\n    def test_six(self, module, classB_start, a, b, expected):\n        # a = json.load(open(\"calc.json\"))\n        # print(a[\"login\"])\n        logging.info(\"This is test_six!!!\")\n>       assert add(a, b) == expected\nE       assert 15 == 13\nE        +  where 15 = add(6, 9)\n\ntest_work2.py:45: AssertionError",
    "steps" : [ ],
    "attachments" : [ {
      "uid" : "bda346e391907770",
      "name" : "log",
      "source" : "bda346e391907770.txt",
      "type" : "text/plain",
      "size" : 109
    }, {
      "uid" : "112301355740b2f3",
      "name" : "stderr",
      "source" : "112301355740b2f3.txt",
      "type" : "text/plain",
      "size" : 70
    } ],
    "parameters" : [ ],
    "stepsCount" : 0,
    "attachmentsCount" : 2,
    "shouldDisplayMessage" : true,
    "hasContent" : true
  },
  "afterStages" : [ ],
  "labels" : [ {
    "name" : "suite",
    "value" : "test_work2"
  }, {
    "name" : "subSuite",
    "value" : "TestB"
  }, {
    "name" : "host",
    "value" : "ParsondeMacBook-Pro.local"
  }, {
    "name" : "thread",
    "value" : "6564-MainThread"
  }, {
    "name" : "framework",
    "value" : "pytest"
  }, {
    "name" : "language",
    "value" : "cpython3"
  }, {
    "name" : "package",
    "value" : "test_work2"
  }, {
    "name" : "resultFormat",
    "value" : "allure2"
  } ],
  "parameters" : [ {
    "name" : "a",
    "value" : "6"
  }, {
    "name" : "b",
    "value" : "9"
  }, {
    "name" : "expected",
    "value" : "13"
  } ],
  "links" : [ ],
  "hidden" : false,
  "retry" : false,
  "extra" : {
    "severity" : "normal",
    "retries" : [ ],
    "categories" : [ {
      "name" : "Product defects",
      "matchedStatuses" : [ ],
      "flaky" : false
    } ],
    "tags" : [ ]
  },
  "source" : "6adb27da21852c00.json",
  "parameterValues" : [ "6", "9", "13" ]
}