{
  "uid" : "9c1c3466cc2a7e64",
  "name" : "test_add[5-7-9]",
  "fullName" : "test_params.TestParams#test_add",
  "historyId" : "0eb9a4f5e5f04a49166bf97c3c0694f2",
  "time" : {
    "start" : 1572058204840,
    "stop" : 1572058204841,
    "duration" : 1
  },
  "description" : "加法计算",
  "descriptionHtml" : "<p>加法计算</p>\n",
  "status" : "failed",
  "statusMessage" : "AssertionError: Test Failed!!!\nassert 9 == 12",
  "statusTrace" : "self = <Work.test_params.TestParams object at 0x10b53ad68>, a = 5, b = 7\nexpected = 9\n\n    @allure.description(\"加法计算\")\n    @pytest.mark.parametrize(\"a,b,expected\", [(5, 7, 9),\n                                              (4,4,8),\n                                              (9,9,18),\n                                              (40,40,1),\n                                              (6,5,30)])\n    def test_add(self,a,b,expected):\n        sum = add(a,b)\n>       assert expected == sum,\"Test Failed!!!\"\nE       AssertionError: Test Failed!!!\nE       assert 9 == 12\n\ntest_params.py:47: AssertionError",
  "flaky" : false,
  "newFailed" : false,
  "beforeStages" : [ {
    "name" : "method_logging",
    "time" : {
      "start" : 1572058204839,
      "stop" : 1572058204839,
      "duration" : 0
    },
    "status" : "passed",
    "steps" : [ ],
    "attachments" : [ ],
    "parameters" : [ ],
    "stepsCount" : 0,
    "attachmentsCount" : 0,
    "shouldDisplayMessage" : false,
    "hasContent" : false
  }, {
    "name" : "class_logging",
    "time" : {
      "start" : 1572058204839,
      "stop" : 1572058204839,
      "duration" : 0
    },
    "status" : "passed",
    "steps" : [ ],
    "attachments" : [ ],
    "parameters" : [ ],
    "stepsCount" : 0,
    "attachmentsCount" : 0,
    "shouldDisplayMessage" : false,
    "hasContent" : false
  } ],
  "testStage" : {
    "description" : "加法计算",
    "status" : "failed",
    "statusMessage" : "AssertionError: Test Failed!!!\nassert 9 == 12",
    "statusTrace" : "self = <Work.test_params.TestParams object at 0x10b53ad68>, a = 5, b = 7\nexpected = 9\n\n    @allure.description(\"加法计算\")\n    @pytest.mark.parametrize(\"a,b,expected\", [(5, 7, 9),\n                                              (4,4,8),\n                                              (9,9,18),\n                                              (40,40,1),\n                                              (6,5,30)])\n    def test_add(self,a,b,expected):\n        sum = add(a,b)\n>       assert expected == sum,\"Test Failed!!!\"\nE       AssertionError: Test Failed!!!\nE       assert 9 == 12\n\ntest_params.py:47: AssertionError",
    "steps" : [ ],
    "attachments" : [ {
      "uid" : "6c86be4e6593be5b",
      "name" : "log",
      "source" : "6c86be4e6593be5b.txt",
      "type" : "text/plain",
      "size" : 144
    }, {
      "uid" : "e7f11218c9c1600d",
      "name" : "stderr",
      "source" : "e7f11218c9c1600d.txt",
      "type" : "text/plain",
      "size" : 79
    } ],
    "parameters" : [ ],
    "stepsCount" : 0,
    "attachmentsCount" : 2,
    "shouldDisplayMessage" : true,
    "hasContent" : true
  },
  "afterStages" : [ {
    "name" : "method_logging::0",
    "time" : {
      "start" : 1572058204846,
      "stop" : 1572058204846,
      "duration" : 0
    },
    "status" : "passed",
    "steps" : [ ],
    "attachments" : [ ],
    "parameters" : [ ],
    "stepsCount" : 0,
    "attachmentsCount" : 0,
    "shouldDisplayMessage" : false,
    "hasContent" : false
  }, {
    "name" : "class_logging::0",
    "time" : {
      "start" : 1572058204883,
      "stop" : 1572058204883,
      "duration" : 0
    },
    "status" : "passed",
    "steps" : [ ],
    "attachments" : [ ],
    "parameters" : [ ],
    "stepsCount" : 0,
    "attachmentsCount" : 0,
    "shouldDisplayMessage" : false,
    "hasContent" : false
  } ],
  "labels" : [ {
    "name" : "suite",
    "value" : "test_params"
  }, {
    "name" : "subSuite",
    "value" : "TestParams"
  }, {
    "name" : "host",
    "value" : "ParsondeMacBook-Pro.local"
  }, {
    "name" : "thread",
    "value" : "6564-MainThread"
  }, {
    "name" : "framework",
    "value" : "pytest"
  }, {
    "name" : "language",
    "value" : "cpython3"
  }, {
    "name" : "package",
    "value" : "test_params"
  }, {
    "name" : "resultFormat",
    "value" : "allure2"
  } ],
  "parameters" : [ {
    "name" : "a",
    "value" : "5"
  }, {
    "name" : "b",
    "value" : "7"
  }, {
    "name" : "expected",
    "value" : "9"
  } ],
  "links" : [ ],
  "hidden" : false,
  "retry" : false,
  "extra" : {
    "severity" : "normal",
    "retries" : [ ],
    "categories" : [ {
      "name" : "Product defects",
      "matchedStatuses" : [ ],
      "flaky" : false
    } ],
    "tags" : [ ]
  },
  "source" : "9c1c3466cc2a7e64.json",
  "parameterValues" : [ "5", "7", "9" ]
}