{"name": "test_nine[8-6-2]", "status": "failed", "statusDetails": {"message": "AssertionError: assert 14 == 2\n +  where 14 = add(8, 6)", "trace": "self = <Work.test_work.TestC object at 0x10b494eb8>, a = 8, b = 6, expected = 2\n\n    @pytest.mark.parametrize(\"a,b,expected\", yaml.load(open(\"calc.yaml\")))\n    def test_nine(self, a, b, expected):\n        logging.info(\"This is test_six!!!\")\n>       assert add(a, b) == expected\nE       assert 14 == 2\nE        +  where 14 = add(8, 6)\n\ntest_work.py:72: AssertionError"}, "attachments": [{"name": "log", "source": "d50662b0-2f53-4f7a-948e-6147c050847d-attachment.txt", "type": "text/plain"}, {"name": "stderr", "source": "30383291-a5ac-4390-bd52-dd7361ca3865-attachment.txt", "type": "text/plain"}], "parameters": [{"name": "a", "value": "8"}, {"name": "b", "value": "6"}, {"name": "expected", "value": "2"}], "start": 1570674115281, "stop": 1570674115282, "uuid": "acccc6b8-9a84-4a53-9475-b97ebc7c33f3", "historyId": "1421ced879ca407d6d0fe92ae584a01a", "testCaseId": "94eee2a481c08a178297ee94c3c1d95a", "fullName": "test_work.TestC#test_nine", "labels": [{"name": "suite", "value": "test_work"}, {"name": "subSuite", "value": "TestC"}, {"name": "host", "value": "ParsondeMacBook-Pro.local"}, {"name": "thread", "value": "27998-MainThread"}, {"name": "framework", "value": "pytest"}, {"name": "language", "value": "cpython3"}, {"name": "package", "value": "test_work"}]}