{"name": "test_three[5-7-9]", "status": "failed", "statusDetails": {"message": "AssertionError: assert 12 == 9\n +  where 12 = add(5, 7)", "trace": "self = <Work.test_work.TestA object at 0x10b448c18>, a = 5, b = 7, expected = 9\n\n    @pytest.mark.parametrize(\"a,b,expected\", [(5, 7, 9)])\n    def test_three(self, a, b, expected):\n        logging.info(\"This is test_three!!!\")\n>       assert add(a, b) == expected\nE       assert 12 == 9\nE        +  where 12 = add(5, 7)\n\ntest_work.py:40: AssertionError"}, "attachments": [{"name": "log", "source": "ec03a192-1e9a-4578-9f1a-46c93571103e-attachment.txt", "type": "text/plain"}, {"name": "stderr", "source": "6006a140-6fc0-4d4d-8685-978564e82c1c-attachment.txt", "type": "text/plain"}], "parameters": [{"name": "a", "value": "5"}, {"name": "b", "value": "7"}, {"name": "expected", "value": "9"}], "start": 1570674115166, "stop": 1570674115166, "uuid": "848a4588-fd2d-4ccb-8a13-b63d624244e6", "historyId": "a6b207f2237805b0c194c46fc5dca99c", "testCaseId": "b4ca08758d21ef2bc07ba7322d4fdacc", "fullName": "test_work.TestA#test_three", "labels": [{"name": "suite", "value": "test_work"}, {"name": "subSuite", "value": "TestA"}, {"name": "host", "value": "ParsondeMacBook-Pro.local"}, {"name": "thread", "value": "27998-MainThread"}, {"name": "framework", "value": "pytest"}, {"name": "language", "value": "cpython3"}, {"name": "package", "value": "test_work"}]}