{"name": "test_work01", "status": "failed", "statusDetails": {"message": "AssertionError: Test Failed!!!\nassert '征集流程' == '议题征集流程'\n  - 征集流程\n  + 议题征集流程\n  ? ++", "trace": "self = <Work.test_0728work.TestWork object at 0x10afe3e80>\n\n    @allure.description(\"课间作业\")\n    def test_work01(self):\n        self.driver.find_element(By.CSS_SELECTOR, 'a[title*=\"议题征集\"]').click()\n        # self.driver.find_element(By.CSS_SELECTOR,'button[class*=\"btn btn-default\"]').click()\n        self.find_element_until_visibility((By.CSS_SELECTOR, 'button[class*=\"btn btn-default\"]')).click()\n        self.driver.find_element(By.XPATH, \"//a[contains(text(),'征集议题范围')]\").click()\n        text = self.find_element_until_visibility((By.CSS_SELECTOR, 'h2[id*=\"议题征集\"]')).text\n        logging.info(text)\n>       assert \"征集流程\" == text, \"Test Failed!!!\"\nE       AssertionError: Test Failed!!!\nE       assert '征集流程' == '议题征集流程'\nE         - 征集流程\nE         + 议题征集流程\nE         ? ++\n\ntest_0728work.py:46: AssertionError"}, "description": "课间作业", "attachments": [{"name": "log", "source": "ffc5e337-bbc7-4c46-9b12-4c4ee1e159ae-attachment.txt", "type": "text/plain"}, {"name": "stderr", "source": "9ab58166-588c-45e0-aa8c-759f7c2b78ce-attachment.txt", "type": "text/plain"}], "start": 1571501925520, "stop": 1571501926279, "uuid": "b3323632-71cb-4e1f-a0b2-e26c7da30c04", "historyId": "58f3e6ba4ed6a08016486252deb24714", "testCaseId": "fcc78d1a800e45773638d5519f8e399b", "fullName": "test_0728work.TestWork#test_work01", "labels": [{"name": "suite", "value": "test_0728work"}, {"name": "subSuite", "value": "TestWork"}, {"name": "host", "value": "ParsondeMacBook-Pro.local"}, {"name": "thread", "value": "10763-MainThread"}, {"name": "framework", "value": "pytest"}, {"name": "language", "value": "cpython3"}, {"name": "package", "value": "test_0728work"}]}