{"name": "test_nine[3-3-9]", "status": "failed", "statusDetails": {"message": "AssertionError: assert 6 == 9\n +  where 6 = add(3, 3)", "trace": "self = <Work.test_work.TestC object at 0x10d8d9828>, a = 3, b = 3, expected = 9\n\n    @pytest.mark.run(order=2)\n    # @pytest.mark.run('second')\n    @pytest.mark.parametrize(\"a,b,expected\", yaml.load(open(\"calc.yaml\")))\n    def test_nine(self, a, b, expected):\n        logging.info(\"This is test_nine!!!\")\n>       assert add(a, b) == expected\nE       assert 6 == 9\nE        +  where 6 = add(3, 3)\n\ntest_work.py:81: AssertionError"}, "attachments": [{"name": "log", "source": "3d24d783-0bf7-40d2-9986-d0b80b3edd70-attachment.txt", "type": "text/plain"}, {"name": "stderr", "source": "990c3c07-095b-4d99-b552-59c979bfa3d3-attachment.txt", "type": "text/plain"}], "parameters": [{"name": "a", "value": "3"}, {"name": "b", "value": "3"}, {"name": "expected", "value": "9"}], "start": 1571556242359, "stop": 1571556242359, "uuid": "64eb97f8-4189-4118-a532-1b45c3eba8bd", "historyId": "1e47cfe1eb37baeaa0c789e5434618f6", "testCaseId": "94eee2a481c08a178297ee94c3c1d95a", "fullName": "test_work.TestC#test_nine", "labels": [{"name": "suite", "value": "test_work"}, {"name": "subSuite", "value": "TestC"}, {"name": "host", "value": "ParsondeMacBook-Pro.local"}, {"name": "thread", "value": "9724-MainThread"}, {"name": "framework", "value": "pytest"}, {"name": "language", "value": "cpython3"}, {"name": "package", "value": "test_work"}]}