{"name": "test_nine[8-6-2]", "status": "failed", "statusDetails": {"message": "AssertionError: assert 14 == 2\n +  where 14 = add(8, 6)", "trace": "self = <Work.test_work2.TestC object at 0x10ebfa0b8>, module = None, a = 8\nb = 6, expected = 2\n\n    @pytest.mark.run(order=2)\n    @pytest.mark.parametrize(\"a,b,expected\", yaml.load(open(\"calc.yaml\")))\n    def test_nine(self, module, a, b, expected):\n        logging.info(\"This is test_nine!!!\")\n>       assert add(a, b) == expected\nE       assert 14 == 2\nE        +  where 14 = add(8, 6)\n\ntest_work2.py:63: AssertionError"}, "attachments": [{"name": "log", "source": "d53f015f-46b2-4235-96b9-0f0718045444-attachment.txt", "type": "text/plain"}, {"name": "stderr", "source": "0d3d85e3-2d3e-49e4-b259-cf93bf097523-attachment.txt", "type": "text/plain"}], "parameters": [{"name": "a", "value": "8"}, {"name": "b", "value": "6"}, {"name": "expected", "value": "2"}], "start": 1571556242342, "stop": 1571556242343, "uuid": "0f9f428f-bb3d-4ef3-82e7-cf476705280c", "historyId": "904f4ded503097a82b391ed078273134", "testCaseId": "34948f2ea323885fecbb4c0c730ce3c1", "fullName": "test_work2.TestC#test_nine", "labels": [{"name": "suite", "value": "test_work2"}, {"name": "subSuite", "value": "TestC"}, {"name": "host", "value": "ParsondeMacBook-Pro.local"}, {"name": "thread", "value": "9724-MainThread"}, {"name": "framework", "value": "pytest"}, {"name": "language", "value": "cpython3"}, {"name": "package", "value": "test_work2"}]}