{"name": "test_six[6-9-13]", "status": "failed", "statusDetails": {"message": "AssertionError: assert 15 == 13\n +  where 15 = add(6, 9)", "trace": "self = <Work.test_work2.TestB object at 0x10d8d9748>, module = None\nclassB_start = None, a = 6, b = 9, expected = 13\n\n    @pytest.mark.parametrize(\"a,b,expected\", json.load(open(\"calc.json\")))\n    def test_six(self, module, classB_start, a, b, expected):\n        # a = json.load(open(\"calc.json\"))\n        # print(a[\"login\"])\n        logging.info(\"This is test_six!!!\")\n>       assert add(a, b) == expected\nE       assert 15 == 13\nE        +  where 15 = add(6, 9)\n\ntest_work2.py:45: AssertionError"}, "attachments": [{"name": "log", "source": "341f2693-a65f-4194-a633-cbdd3cdad697-attachment.txt", "type": "text/plain"}, {"name": "stderr", "source": "1ce753b0-fbff-4bdd-bde2-437fed4d9c19-attachment.txt", "type": "text/plain"}], "parameters": [{"name": "a", "value": "6"}, {"name": "b", "value": "9"}, {"name": "expected", "value": "13"}], "start": 1571556242430, "stop": 1571556242431, "uuid": "59e5683e-2dec-49e4-a616-d27e90cad145", "historyId": "ee7ec1a16f5c08ad1f28f68816b4f5b5", "testCaseId": "4f6de44d5dec1d8b69075d2b48ad4434", "fullName": "test_work2.TestB#test_six", "labels": [{"name": "suite", "value": "test_work2"}, {"name": "subSuite", "value": "TestB"}, {"name": "host", "value": "ParsondeMacBook-Pro.local"}, {"name": "thread", "value": "9724-MainThread"}, {"name": "framework", "value": "pytest"}, {"name": "language", "value": "cpython3"}, {"name": "package", "value": "test_work2"}]}