{"name": "test_six[6-9-13]", "status": "failed", "statusDetails": {"message": "AssertionError: assert 15 == 13\n +  where 15 = add(6, 9)", "trace": "self = <Work.test_work.TestB object at 0x111193c18>, a = 6, b = 9, expected = 13\n\n    @pytest.mark.parametrize(\"a,b,expected\", json.load(open(\"calc.json\")))\n    def test_six(self, a, b, expected):\n        logging.info(\"This is test_six!!!\")\n>       assert add(a, b) == expected\nE       assert 15 == 13\nE        +  where 15 = add(6, 9)\n\ntest_work.py:58: AssertionError"}, "attachments": [{"name": "log", "source": "5a417742-3f5e-4f39-8036-b9d7530af97f-attachment.txt", "type": "text/plain"}, {"name": "stderr", "source": "7313546b-fcb2-49f4-8bd2-7b1b0f212aa2-attachment.txt", "type": "text/plain"}], "parameters": [{"name": "a", "value": "6"}, {"name": "b", "value": "9"}, {"name": "expected", "value": "13"}], "start": 1570675352193, "stop": 1570675352193, "uuid": "2cd61370-0f67-4c2e-8512-097b952ddece", "historyId": "fe82b554876d75cd5a307d34c53dd79f", "testCaseId": "33cda52eda96a5e8528fcc03f1cd347a", "fullName": "test_work.TestB#test_six", "labels": [{"name": "suite", "value": "test_work"}, {"name": "subSuite", "value": "TestB"}, {"name": "host", "value": "ParsondeMacBook-Pro.local"}, {"name": "thread", "value": "28698-MainThread"}, {"name": "framework", "value": "pytest"}, {"name": "language", "value": "cpython3"}, {"name": "package", "value": "test_work"}]}