{
  "uid" : "4c141802d30a380f",
  "name" : "test_nine[3-3-9]",
  "fullName" : "test_work.TestC#test_nine",
  "historyId" : "1e47cfe1eb37baeaa0c789e5434618f6",
  "time" : {
    "start" : 1571538978760,
    "stop" : 1571538978760,
    "duration" : 0
  },
  "status" : "failed",
  "statusMessage" : "AssertionError: assert 6 == 9\n +  where 6 = add(3, 3)",
  "statusTrace" : "self = <Work.test_work.TestC object at 0x10b247550>, a = 3, b = 3, expected = 9\n\n    @pytest.mark.run(order=2)\n    # @pytest.mark.run('second')\n    @pytest.mark.parametrize(\"a,b,expected\", yaml.load(open(\"calc.yaml\")))\n    def test_nine(self, a, b, expected):\n        logging.info(\"This is test_nine!!!\")\n>       assert add(a, b) == expected\nE       assert 6 == 9\nE        +  where 6 = add(3, 3)\n\ntest_work.py:81: AssertionError",
  "flaky" : false,
  "newFailed" : false,
  "beforeStages" : [ {
    "name" : "_Module__pytest_setup_module",
    "time" : {
      "start" : 1571538978759,
      "stop" : 1571538978759,
      "duration" : 0
    },
    "status" : "passed",
    "steps" : [ ],
    "attachments" : [ ],
    "parameters" : [ ],
    "stepsCount" : 0,
    "attachmentsCount" : 0,
    "shouldDisplayMessage" : false,
    "hasContent" : false
  } ],
  "testStage" : {
    "status" : "failed",
    "statusMessage" : "AssertionError: assert 6 == 9\n +  where 6 = add(3, 3)",
    "statusTrace" : "self = <Work.test_work.TestC object at 0x10b247550>, a = 3, b = 3, expected = 9\n\n    @pytest.mark.run(order=2)\n    # @pytest.mark.run('second')\n    @pytest.mark.parametrize(\"a,b,expected\", yaml.load(open(\"calc.yaml\")))\n    def test_nine(self, a, b, expected):\n        logging.info(\"This is test_nine!!!\")\n>       assert add(a, b) == expected\nE       assert 6 == 9\nE        +  where 6 = add(3, 3)\n\ntest_work.py:81: AssertionError",
    "steps" : [ ],
    "attachments" : [ {
      "uid" : "d28c42f1d7817862",
      "name" : "log",
      "source" : "d28c42f1d7817862.txt",
      "type" : "text/plain",
      "size" : 114
    }, {
      "uid" : "410e30838dfafab7",
      "name" : "stderr",
      "source" : "410e30838dfafab7.txt",
      "type" : "text/plain",
      "size" : 57
    } ],
    "parameters" : [ ],
    "stepsCount" : 0,
    "attachmentsCount" : 2,
    "shouldDisplayMessage" : true,
    "hasContent" : true
  },
  "afterStages" : [ {
    "name" : "_Module__pytest_setup_module::0",
    "time" : {
      "start" : 1571538978839,
      "stop" : 1571538978839,
      "duration" : 0
    },
    "status" : "passed",
    "steps" : [ ],
    "attachments" : [ ],
    "parameters" : [ ],
    "stepsCount" : 0,
    "attachmentsCount" : 0,
    "shouldDisplayMessage" : false,
    "hasContent" : false
  } ],
  "labels" : [ {
    "name" : "suite",
    "value" : "test_work"
  }, {
    "name" : "subSuite",
    "value" : "TestC"
  }, {
    "name" : "host",
    "value" : "ParsondeMacBook-Pro.local"
  }, {
    "name" : "thread",
    "value" : "2205-MainThread"
  }, {
    "name" : "framework",
    "value" : "pytest"
  }, {
    "name" : "language",
    "value" : "cpython3"
  }, {
    "name" : "package",
    "value" : "test_work"
  }, {
    "name" : "resultFormat",
    "value" : "allure2"
  } ],
  "parameters" : [ {
    "name" : "a",
    "value" : "3"
  }, {
    "name" : "b",
    "value" : "3"
  }, {
    "name" : "expected",
    "value" : "9"
  } ],
  "links" : [ ],
  "hidden" : false,
  "retry" : false,
  "extra" : {
    "severity" : "normal",
    "retries" : [ ],
    "categories" : [ {
      "name" : "Product defects",
      "matchedStatuses" : [ ],
      "flaky" : false
    } ],
    "tags" : [ ]
  },
  "source" : "4c141802d30a380f.json",
  "parameterValues" : [ "3", "3", "9" ]
}