{
  "uid" : "6562dc4c5ae48c9a",
  "name" : "test_nine[8-6-2]",
  "fullName" : "test_work2.TestC#test_nine",
  "historyId" : "904f4ded503097a82b391ed078273134",
  "time" : {
    "start" : 1572057907008,
    "stop" : 1572057907009,
    "duration" : 1
  },
  "status" : "failed",
  "statusMessage" : "AssertionError: assert 14 == 2\n +  where 14 = add(8, 6)",
  "statusTrace" : "self = <Work.test_work2.TestC object at 0x1020deb00>, module = None, a = 8\nb = 6, expected = 2\n\n    @pytest.mark.run(order=2)\n    @pytest.mark.parametrize(\"a,b,expected\", yaml.load(open(\"calc.yaml\")))\n    def test_nine(self, module, a, b, expected):\n        logging.info(\"This is test_nine!!!\")\n>       assert add(a, b) == expected\nE       assert 14 == 2\nE        +  where 14 = add(8, 6)\n\ntest_work2.py:63: AssertionError",
  "flaky" : false,
  "newFailed" : false,
  "beforeStages" : [ {
    "name" : "classB_start",
    "time" : {
      "start" : 1572057907006,
      "stop" : 1572057907007,
      "duration" : 1
    },
    "status" : "passed",
    "steps" : [ ],
    "attachments" : [ ],
    "parameters" : [ ],
    "stepsCount" : 0,
    "attachmentsCount" : 0,
    "shouldDisplayMessage" : false,
    "hasContent" : false
  }, {
    "name" : "module",
    "time" : {
      "start" : 1572057906931,
      "stop" : 1572057906932,
      "duration" : 1
    },
    "status" : "passed",
    "steps" : [ ],
    "attachments" : [ ],
    "parameters" : [ ],
    "stepsCount" : 0,
    "attachmentsCount" : 0,
    "shouldDisplayMessage" : false,
    "hasContent" : false
  } ],
  "testStage" : {
    "status" : "failed",
    "statusMessage" : "AssertionError: assert 14 == 2\n +  where 14 = add(8, 6)",
    "statusTrace" : "self = <Work.test_work2.TestC object at 0x1020deb00>, module = None, a = 8\nb = 6, expected = 2\n\n    @pytest.mark.run(order=2)\n    @pytest.mark.parametrize(\"a,b,expected\", yaml.load(open(\"calc.yaml\")))\n    def test_nine(self, module, a, b, expected):\n        logging.info(\"This is test_nine!!!\")\n>       assert add(a, b) == expected\nE       assert 14 == 2\nE        +  where 14 = add(8, 6)\n\ntest_work2.py:63: AssertionError",
    "steps" : [ ],
    "attachments" : [ {
      "uid" : "febfd78ad8c0a9ce",
      "name" : "log",
      "source" : "febfd78ad8c0a9ce.txt",
      "type" : "text/plain",
      "size" : 110
    }, {
      "uid" : "2f9bbffc1d36f86f",
      "name" : "stderr",
      "source" : "2f9bbffc1d36f86f.txt",
      "type" : "text/plain",
      "size" : 71
    } ],
    "parameters" : [ ],
    "stepsCount" : 0,
    "attachmentsCount" : 2,
    "shouldDisplayMessage" : true,
    "hasContent" : true
  },
  "afterStages" : [ ],
  "labels" : [ {
    "name" : "suite",
    "value" : "test_work2"
  }, {
    "name" : "subSuite",
    "value" : "TestC"
  }, {
    "name" : "host",
    "value" : "ParsondeMacBook-Pro.local"
  }, {
    "name" : "thread",
    "value" : "6382-MainThread"
  }, {
    "name" : "framework",
    "value" : "pytest"
  }, {
    "name" : "language",
    "value" : "cpython3"
  }, {
    "name" : "package",
    "value" : "test_work2"
  }, {
    "name" : "resultFormat",
    "value" : "allure2"
  } ],
  "parameters" : [ {
    "name" : "a",
    "value" : "8"
  }, {
    "name" : "b",
    "value" : "6"
  }, {
    "name" : "expected",
    "value" : "2"
  } ],
  "links" : [ ],
  "hidden" : false,
  "retry" : false,
  "extra" : {
    "severity" : "normal",
    "retries" : [ ],
    "categories" : [ {
      "name" : "Product defects",
      "matchedStatuses" : [ ],
      "flaky" : false
    } ],
    "tags" : [ ]
  },
  "source" : "6562dc4c5ae48c9a.json",
  "parameterValues" : [ "8", "6", "2" ]
}