{
  "uid" : "87dfe3c3b7ccf98",
  "name" : "test_add[6-5-30]",
  "fullName" : "test_params.TestParams#test_add",
  "historyId" : "bf73f3d4a533c2b2864c4b0ecda83325",
  "time" : {
    "start" : 1572057907235,
    "stop" : 1572057907236,
    "duration" : 1
  },
  "description" : "加法计算",
  "descriptionHtml" : "<p>加法计算</p>\n",
  "status" : "failed",
  "statusMessage" : "AssertionError: Test Failed!!!\nassert 30 == 11",
  "statusTrace" : "self = <Work.test_params.TestParams object at 0x100fb5ef0>, a = 6, b = 5\nexpected = 30\n\n    @allure.description(\"加法计算\")\n    @pytest.mark.parametrize(\"a,b,expected\", [(5, 7, 9),\n                                              (4,4,8),\n                                              (9,9,18),\n                                              (40,40,1),\n                                              (6,5,30)])\n    def test_add(self,a,b,expected):\n        sum = add(a,b)\n>       assert expected == sum,\"Test Failed!!!\"\nE       AssertionError: Test Failed!!!\nE       assert 30 == 11\n\ntest_params.py:47: AssertionError",
  "flaky" : false,
  "newFailed" : false,
  "beforeStages" : [ {
    "name" : "classB_start",
    "time" : {
      "start" : 1572057907233,
      "stop" : 1572057907233,
      "duration" : 0
    },
    "status" : "passed",
    "steps" : [ ],
    "attachments" : [ ],
    "parameters" : [ ],
    "stepsCount" : 0,
    "attachmentsCount" : 0,
    "shouldDisplayMessage" : false,
    "hasContent" : false
  } ],
  "testStage" : {
    "description" : "加法计算",
    "status" : "failed",
    "statusMessage" : "AssertionError: Test Failed!!!\nassert 30 == 11",
    "statusTrace" : "self = <Work.test_params.TestParams object at 0x100fb5ef0>, a = 6, b = 5\nexpected = 30\n\n    @allure.description(\"加法计算\")\n    @pytest.mark.parametrize(\"a,b,expected\", [(5, 7, 9),\n                                              (4,4,8),\n                                              (9,9,18),\n                                              (40,40,1),\n                                              (6,5,30)])\n    def test_add(self,a,b,expected):\n        sum = add(a,b)\n>       assert expected == sum,\"Test Failed!!!\"\nE       AssertionError: Test Failed!!!\nE       assert 30 == 11\n\ntest_params.py:47: AssertionError",
    "steps" : [ ],
    "attachments" : [ {
      "uid" : "5e09820b26a321f3",
      "name" : "log",
      "source" : "5e09820b26a321f3.txt",
      "type" : "text/plain",
      "size" : 58
    }, {
      "uid" : "94bdf63b6a6397b7",
      "name" : "stderr",
      "source" : "94bdf63b6a6397b7.txt",
      "type" : "text/plain",
      "size" : 40
    } ],
    "parameters" : [ ],
    "stepsCount" : 0,
    "attachmentsCount" : 2,
    "shouldDisplayMessage" : true,
    "hasContent" : true
  },
  "afterStages" : [ ],
  "labels" : [ {
    "name" : "suite",
    "value" : "test_params"
  }, {
    "name" : "subSuite",
    "value" : "TestParams"
  }, {
    "name" : "host",
    "value" : "ParsondeMacBook-Pro.local"
  }, {
    "name" : "thread",
    "value" : "6382-MainThread"
  }, {
    "name" : "framework",
    "value" : "pytest"
  }, {
    "name" : "language",
    "value" : "cpython3"
  }, {
    "name" : "package",
    "value" : "test_params"
  }, {
    "name" : "resultFormat",
    "value" : "allure2"
  } ],
  "parameters" : [ {
    "name" : "a",
    "value" : "6"
  }, {
    "name" : "b",
    "value" : "5"
  }, {
    "name" : "expected",
    "value" : "30"
  } ],
  "links" : [ ],
  "hidden" : false,
  "retry" : false,
  "extra" : {
    "severity" : "normal",
    "retries" : [ ],
    "categories" : [ {
      "name" : "Product defects",
      "matchedStatuses" : [ ],
      "flaky" : false
    } ],
    "tags" : [ ]
  },
  "source" : "87dfe3c3b7ccf98.json",
  "parameterValues" : [ "6", "5", "30" ]
}