{
  "uid" : "aad885225fbf36e",
  "name" : "test_nine[8-6-2]",
  "fullName" : "test_work.TestC#test_nine",
  "historyId" : "1421ced879ca407d6d0fe92ae584a01a",
  "time" : {
    "start" : 1572057907031,
    "stop" : 1572057907032,
    "duration" : 1
  },
  "status" : "failed",
  "statusMessage" : "AssertionError: assert 14 == 2\n +  where 14 = add(8, 6)",
  "statusTrace" : "self = <Work.test_work.TestC object at 0x1020def60>, a = 8, b = 6, expected = 2\n\n    @pytest.mark.run(order=2)\n    # @pytest.mark.run('second')\n    @pytest.mark.parametrize(\"a,b,expected\", yaml.load(open(\"calc.yaml\")))\n    def test_nine(self, a, b, expected):\n        logging.info(\"This is test_nine!!!\")\n>       assert add(a, b) == expected\nE       assert 14 == 2\nE        +  where 14 = add(8, 6)\n\ntest_work.py:81: AssertionError",
  "flaky" : false,
  "newFailed" : false,
  "beforeStages" : [ {
    "name" : "classB_start",
    "time" : {
      "start" : 1572057907030,
      "stop" : 1572057907030,
      "duration" : 0
    },
    "status" : "passed",
    "steps" : [ ],
    "attachments" : [ ],
    "parameters" : [ ],
    "stepsCount" : 0,
    "attachmentsCount" : 0,
    "shouldDisplayMessage" : false,
    "hasContent" : false
  }, {
    "name" : "_Module__pytest_setup_module",
    "time" : {
      "start" : 1572057907016,
      "stop" : 1572057907017,
      "duration" : 1
    },
    "status" : "passed",
    "steps" : [ ],
    "attachments" : [ ],
    "parameters" : [ ],
    "stepsCount" : 0,
    "attachmentsCount" : 0,
    "shouldDisplayMessage" : false,
    "hasContent" : false
  } ],
  "testStage" : {
    "status" : "failed",
    "statusMessage" : "AssertionError: assert 14 == 2\n +  where 14 = add(8, 6)",
    "statusTrace" : "self = <Work.test_work.TestC object at 0x1020def60>, a = 8, b = 6, expected = 2\n\n    @pytest.mark.run(order=2)\n    # @pytest.mark.run('second')\n    @pytest.mark.parametrize(\"a,b,expected\", yaml.load(open(\"calc.yaml\")))\n    def test_nine(self, a, b, expected):\n        logging.info(\"This is test_nine!!!\")\n>       assert add(a, b) == expected\nE       assert 14 == 2\nE        +  where 14 = add(8, 6)\n\ntest_work.py:81: AssertionError",
    "steps" : [ ],
    "attachments" : [ {
      "uid" : "d0165ed70afafef4",
      "name" : "log",
      "source" : "d0165ed70afafef4.txt",
      "type" : "text/plain",
      "size" : 160
    }, {
      "uid" : "b1a1842cdd75195c",
      "name" : "stderr",
      "source" : "b1a1842cdd75195c.txt",
      "type" : "text/plain",
      "size" : 102
    } ],
    "parameters" : [ ],
    "stepsCount" : 0,
    "attachmentsCount" : 2,
    "shouldDisplayMessage" : true,
    "hasContent" : true
  },
  "afterStages" : [ {
    "name" : "_Module__pytest_setup_module::0",
    "time" : {
      "start" : 1572057907036,
      "stop" : 1572057907036,
      "duration" : 0
    },
    "status" : "passed",
    "steps" : [ ],
    "attachments" : [ ],
    "parameters" : [ ],
    "stepsCount" : 0,
    "attachmentsCount" : 0,
    "shouldDisplayMessage" : false,
    "hasContent" : false
  } ],
  "labels" : [ {
    "name" : "suite",
    "value" : "test_work"
  }, {
    "name" : "subSuite",
    "value" : "TestC"
  }, {
    "name" : "host",
    "value" : "ParsondeMacBook-Pro.local"
  }, {
    "name" : "thread",
    "value" : "6382-MainThread"
  }, {
    "name" : "framework",
    "value" : "pytest"
  }, {
    "name" : "language",
    "value" : "cpython3"
  }, {
    "name" : "package",
    "value" : "test_work"
  }, {
    "name" : "resultFormat",
    "value" : "allure2"
  } ],
  "parameters" : [ {
    "name" : "a",
    "value" : "8"
  }, {
    "name" : "b",
    "value" : "6"
  }, {
    "name" : "expected",
    "value" : "2"
  } ],
  "links" : [ ],
  "hidden" : false,
  "retry" : false,
  "extra" : {
    "severity" : "normal",
    "retries" : [ ],
    "categories" : [ {
      "name" : "Product defects",
      "matchedStatuses" : [ ],
      "flaky" : false
    } ],
    "tags" : [ ]
  },
  "source" : "aad885225fbf36e.json",
  "parameterValues" : [ "8", "6", "2" ]
}