{
  "uid" : "cb760ffe4ce31d1",
  "name" : "test_three[5-7-9]",
  "fullName" : "test_work.TestA#test_three",
  "historyId" : "a6b207f2237805b0c194c46fc5dca99c",
  "time" : {
    "start" : 1572057907152,
    "stop" : 1572057907153,
    "duration" : 1
  },
  "status" : "failed",
  "statusMessage" : "AssertionError: assert 12 == 9\n +  where 12 = add(5, 7)",
  "statusTrace" : "self = <Work.test_work.TestA object at 0x100fce8d0>, a = 5, b = 7, expected = 9\n\n    @pytest.mark.parametrize(\"a,b,expected\", [(5, 7, 9)])\n    def test_three(self, a, b, expected):\n        logging.info(\"This is test_three!!!\")\n>       assert add(a, b) == expected\nE       assert 12 == 9\nE        +  where 12 = add(5, 7)\n\ntest_work.py:40: AssertionError",
  "flaky" : false,
  "newFailed" : false,
  "beforeStages" : [ {
    "name" : "classB_start",
    "time" : {
      "start" : 1572057907151,
      "stop" : 1572057907151,
      "duration" : 0
    },
    "status" : "passed",
    "steps" : [ ],
    "attachments" : [ ],
    "parameters" : [ ],
    "stepsCount" : 0,
    "attachmentsCount" : 0,
    "shouldDisplayMessage" : false,
    "hasContent" : false
  }, {
    "name" : "_Class__pytest_setup_class",
    "time" : {
      "start" : 1572057907127,
      "stop" : 1572057907127,
      "duration" : 0
    },
    "status" : "passed",
    "steps" : [ ],
    "attachments" : [ ],
    "parameters" : [ ],
    "stepsCount" : 0,
    "attachmentsCount" : 0,
    "shouldDisplayMessage" : false,
    "hasContent" : false
  }, {
    "name" : "_Module__pytest_setup_module",
    "time" : {
      "start" : 1572057907127,
      "stop" : 1572057907127,
      "duration" : 0
    },
    "status" : "passed",
    "steps" : [ ],
    "attachments" : [ ],
    "parameters" : [ ],
    "stepsCount" : 0,
    "attachmentsCount" : 0,
    "shouldDisplayMessage" : false,
    "hasContent" : false
  } ],
  "testStage" : {
    "status" : "failed",
    "statusMessage" : "AssertionError: assert 12 == 9\n +  where 12 = add(5, 7)",
    "statusTrace" : "self = <Work.test_work.TestA object at 0x100fce8d0>, a = 5, b = 7, expected = 9\n\n    @pytest.mark.parametrize(\"a,b,expected\", [(5, 7, 9)])\n    def test_three(self, a, b, expected):\n        logging.info(\"This is test_three!!!\")\n>       assert add(a, b) == expected\nE       assert 12 == 9\nE        +  where 12 = add(5, 7)\n\ntest_work.py:40: AssertionError",
    "steps" : [ ],
    "attachments" : [ {
      "uid" : "df4fa1175e71947e",
      "name" : "log",
      "source" : "df4fa1175e71947e.txt",
      "type" : "text/plain",
      "size" : 211
    }, {
      "uid" : "a3d9d1f63234e2ec",
      "name" : "stderr",
      "source" : "a3d9d1f63234e2ec.txt",
      "type" : "text/plain",
      "size" : 133
    } ],
    "parameters" : [ ],
    "stepsCount" : 0,
    "attachmentsCount" : 2,
    "shouldDisplayMessage" : true,
    "hasContent" : true
  },
  "afterStages" : [ {
    "name" : "_Class__pytest_setup_class::0",
    "time" : {
      "start" : 1572057907158,
      "stop" : 1572057907159,
      "duration" : 1
    },
    "status" : "passed",
    "steps" : [ ],
    "attachments" : [ ],
    "parameters" : [ ],
    "stepsCount" : 0,
    "attachmentsCount" : 0,
    "shouldDisplayMessage" : false,
    "hasContent" : false
  }, {
    "name" : "_Module__pytest_setup_module::0",
    "time" : {
      "start" : 1572057907200,
      "stop" : 1572057907200,
      "duration" : 0
    },
    "status" : "passed",
    "steps" : [ ],
    "attachments" : [ ],
    "parameters" : [ ],
    "stepsCount" : 0,
    "attachmentsCount" : 0,
    "shouldDisplayMessage" : false,
    "hasContent" : false
  } ],
  "labels" : [ {
    "name" : "suite",
    "value" : "test_work"
  }, {
    "name" : "subSuite",
    "value" : "TestA"
  }, {
    "name" : "host",
    "value" : "ParsondeMacBook-Pro.local"
  }, {
    "name" : "thread",
    "value" : "6382-MainThread"
  }, {
    "name" : "framework",
    "value" : "pytest"
  }, {
    "name" : "language",
    "value" : "cpython3"
  }, {
    "name" : "package",
    "value" : "test_work"
  }, {
    "name" : "resultFormat",
    "value" : "allure2"
  } ],
  "parameters" : [ {
    "name" : "a",
    "value" : "5"
  }, {
    "name" : "b",
    "value" : "7"
  }, {
    "name" : "expected",
    "value" : "9"
  } ],
  "links" : [ ],
  "hidden" : false,
  "retry" : false,
  "extra" : {
    "severity" : "normal",
    "retries" : [ ],
    "categories" : [ {
      "name" : "Product defects",
      "matchedStatuses" : [ ],
      "flaky" : false
    } ],
    "tags" : [ ]
  },
  "source" : "cb760ffe4ce31d1.json",
  "parameterValues" : [ "5", "7", "9" ]
}