{
  "uid" : "f5a5f38ce73260c5",
  "name" : "test_add[40-40-1]",
  "fullName" : "test_params.TestParams#test_add",
  "historyId" : "b76acea2ea277bb96d1868f183ffdb43",
  "time" : {
    "start" : 1572057907225,
    "stop" : 1572057907225,
    "duration" : 0
  },
  "description" : "加法计算",
  "descriptionHtml" : "<p>加法计算</p>\n",
  "status" : "failed",
  "statusMessage" : "AssertionError: Test Failed!!!\nassert 1 == 80",
  "statusTrace" : "self = <Work.test_params.TestParams object at 0x1020de908>, a = 40, b = 40\nexpected = 1\n\n    @allure.description(\"加法计算\")\n    @pytest.mark.parametrize(\"a,b,expected\", [(5, 7, 9),\n                                              (4,4,8),\n                                              (9,9,18),\n                                              (40,40,1),\n                                              (6,5,30)])\n    def test_add(self,a,b,expected):\n        sum = add(a,b)\n>       assert expected == sum,\"Test Failed!!!\"\nE       AssertionError: Test Failed!!!\nE       assert 1 == 80\n\ntest_params.py:47: AssertionError",
  "flaky" : false,
  "newFailed" : false,
  "beforeStages" : [ {
    "name" : "classB_start",
    "time" : {
      "start" : 1572057907224,
      "stop" : 1572057907224,
      "duration" : 0
    },
    "status" : "passed",
    "steps" : [ ],
    "attachments" : [ ],
    "parameters" : [ ],
    "stepsCount" : 0,
    "attachmentsCount" : 0,
    "shouldDisplayMessage" : false,
    "hasContent" : false
  } ],
  "testStage" : {
    "description" : "加法计算",
    "status" : "failed",
    "statusMessage" : "AssertionError: Test Failed!!!\nassert 1 == 80",
    "statusTrace" : "self = <Work.test_params.TestParams object at 0x1020de908>, a = 40, b = 40\nexpected = 1\n\n    @allure.description(\"加法计算\")\n    @pytest.mark.parametrize(\"a,b,expected\", [(5, 7, 9),\n                                              (4,4,8),\n                                              (9,9,18),\n                                              (40,40,1),\n                                              (6,5,30)])\n    def test_add(self,a,b,expected):\n        sum = add(a,b)\n>       assert expected == sum,\"Test Failed!!!\"\nE       AssertionError: Test Failed!!!\nE       assert 1 == 80\n\ntest_params.py:47: AssertionError",
    "steps" : [ ],
    "attachments" : [ {
      "uid" : "133f6c95e68f9f1a",
      "name" : "log",
      "source" : "133f6c95e68f9f1a.txt",
      "type" : "text/plain",
      "size" : 58
    }, {
      "uid" : "69a7acc959ea3c81",
      "name" : "stderr",
      "source" : "69a7acc959ea3c81.txt",
      "type" : "text/plain",
      "size" : 40
    } ],
    "parameters" : [ ],
    "stepsCount" : 0,
    "attachmentsCount" : 2,
    "shouldDisplayMessage" : true,
    "hasContent" : true
  },
  "afterStages" : [ ],
  "labels" : [ {
    "name" : "suite",
    "value" : "test_params"
  }, {
    "name" : "subSuite",
    "value" : "TestParams"
  }, {
    "name" : "host",
    "value" : "ParsondeMacBook-Pro.local"
  }, {
    "name" : "thread",
    "value" : "6382-MainThread"
  }, {
    "name" : "framework",
    "value" : "pytest"
  }, {
    "name" : "language",
    "value" : "cpython3"
  }, {
    "name" : "package",
    "value" : "test_params"
  }, {
    "name" : "resultFormat",
    "value" : "allure2"
  } ],
  "parameters" : [ {
    "name" : "a",
    "value" : "40"
  }, {
    "name" : "b",
    "value" : "40"
  }, {
    "name" : "expected",
    "value" : "1"
  } ],
  "links" : [ ],
  "hidden" : false,
  "retry" : false,
  "extra" : {
    "severity" : "normal",
    "retries" : [ ],
    "categories" : [ {
      "name" : "Product defects",
      "matchedStatuses" : [ ],
      "flaky" : false
    } ],
    "tags" : [ ]
  },
  "source" : "f5a5f38ce73260c5.json",
  "parameterValues" : [ "40", "40", "1" ]
}