{
  "uid" : "46696db07423113d",
  "name" : "test_sub[9-6-15]",
  "fullName" : "test_params.TestParams#test_sub",
  "historyId" : "32e388f8acdf06f52a7d579344538255",
  "time" : {
    "start" : 1573546636541,
    "stop" : 1573546636542,
    "duration" : 1
  },
  "description" : "减法计算",
  "descriptionHtml" : "<p>减法计算</p>\n",
  "status" : "failed",
  "statusMessage" : "AssertionError: Test Failed!!!\nassert 15 == 3",
  "statusTrace" : "self = <Work.test_params.TestParams object at 0x10dea3cc0>, a = 9, b = 6\nexpected = 15\n\n    @allure.description(\"减法计算\")\n    @pytest.mark.parametrize(\"a,b,expected\", yaml.load(open(\"params.yaml\"))[\"Sub\"])\n    def test_sub(self, a, b, expected):\n        sum = sub(a, b)\n>       assert expected == sum, \"Test Failed!!!\"\nE       AssertionError: Test Failed!!!\nE       assert 15 == 3\n\ntest_params.py:57: AssertionError",
  "flaky" : false,
  "newFailed" : false,
  "beforeStages" : [ {
    "name" : "method_logging",
    "time" : {
      "start" : 1573546636540,
      "stop" : 1573546636540,
      "duration" : 0
    },
    "status" : "passed",
    "steps" : [ ],
    "attachments" : [ ],
    "parameters" : [ ],
    "stepsCount" : 0,
    "attachmentsCount" : 0,
    "shouldDisplayMessage" : false,
    "hasContent" : false
  }, {
    "name" : "class_logging",
    "time" : {
      "start" : 1573546636503,
      "stop" : 1573546636503,
      "duration" : 0
    },
    "status" : "passed",
    "steps" : [ ],
    "attachments" : [ ],
    "parameters" : [ ],
    "stepsCount" : 0,
    "attachmentsCount" : 0,
    "shouldDisplayMessage" : false,
    "hasContent" : false
  } ],
  "testStage" : {
    "description" : "减法计算",
    "status" : "failed",
    "statusMessage" : "AssertionError: Test Failed!!!\nassert 15 == 3",
    "statusTrace" : "self = <Work.test_params.TestParams object at 0x10dea3cc0>, a = 9, b = 6\nexpected = 15\n\n    @allure.description(\"减法计算\")\n    @pytest.mark.parametrize(\"a,b,expected\", yaml.load(open(\"params.yaml\"))[\"Sub\"])\n    def test_sub(self, a, b, expected):\n        sum = sub(a, b)\n>       assert expected == sum, \"Test Failed!!!\"\nE       AssertionError: Test Failed!!!\nE       assert 15 == 3\n\ntest_params.py:57: AssertionError",
    "steps" : [ ],
    "attachments" : [ {
      "uid" : "318822a8e38a99dd",
      "name" : "log",
      "source" : "318822a8e38a99dd.txt",
      "type" : "text/plain",
      "size" : 97
    }, {
      "uid" : "9e783fb8f9836592",
      "name" : "stderr",
      "source" : "9e783fb8f9836592.txt",
      "type" : "text/plain",
      "size" : 54
    } ],
    "parameters" : [ ],
    "stepsCount" : 0,
    "attachmentsCount" : 2,
    "shouldDisplayMessage" : true,
    "hasContent" : true
  },
  "afterStages" : [ {
    "name" : "method_logging::0",
    "time" : {
      "start" : 1573546636547,
      "stop" : 1573546636548,
      "duration" : 1
    },
    "status" : "passed",
    "steps" : [ ],
    "attachments" : [ ],
    "parameters" : [ ],
    "stepsCount" : 0,
    "attachmentsCount" : 0,
    "shouldDisplayMessage" : false,
    "hasContent" : false
  }, {
    "name" : "class_logging::0",
    "time" : {
      "start" : 1573546636668,
      "stop" : 1573546636668,
      "duration" : 0
    },
    "status" : "passed",
    "steps" : [ ],
    "attachments" : [ ],
    "parameters" : [ ],
    "stepsCount" : 0,
    "attachmentsCount" : 0,
    "shouldDisplayMessage" : false,
    "hasContent" : false
  } ],
  "labels" : [ {
    "name" : "suite",
    "value" : "test_params"
  }, {
    "name" : "subSuite",
    "value" : "TestParams"
  }, {
    "name" : "host",
    "value" : "ZTL.local"
  }, {
    "name" : "thread",
    "value" : "3894-MainThread"
  }, {
    "name" : "framework",
    "value" : "pytest"
  }, {
    "name" : "language",
    "value" : "cpython3"
  }, {
    "name" : "package",
    "value" : "test_params"
  }, {
    "name" : "resultFormat",
    "value" : "allure2"
  } ],
  "parameters" : [ {
    "name" : "a",
    "value" : "9"
  }, {
    "name" : "b",
    "value" : "6"
  }, {
    "name" : "expected",
    "value" : "15"
  } ],
  "links" : [ ],
  "hidden" : false,
  "retry" : false,
  "extra" : {
    "severity" : "normal",
    "retries" : [ ],
    "categories" : [ {
      "name" : "Product defects",
      "matchedStatuses" : [ ],
      "flaky" : false
    } ],
    "tags" : [ ]
  },
  "source" : "46696db07423113d.json",
  "parameterValues" : [ "9", "6", "15" ]
}