{
  "uid" : "d73b25c62edf75aa",
  "name" : "test_div[6-9-13]",
  "fullName" : "test_params.TestParams#test_div",
  "historyId" : "03ecdd0bf7d33869c017ec76ee5de413",
  "time" : {
    "start" : 1573546636647,
    "stop" : 1573546636648,
    "duration" : 1
  },
  "description" : "除法计算",
  "descriptionHtml" : "<p>除法计算</p>\n",
  "status" : "failed",
  "statusMessage" : "AssertionError: Test Failed!!!\nassert 13 == 0.6666666666666666",
  "statusTrace" : "self = <Work.test_params.TestParams object at 0x10df214a8>, a = 6, b = 9\nexpected = 13\n\n    @allure.description(\"除法计算\")\n    @pytest.mark.parametrize(\"a,b,expected\", json.load(open(\"calc.json\")))\n    def test_div(self, a, b, expected):\n        sum = div(a, b)\n>       assert expected == sum, \"Test Failed!!!\"\nE       AssertionError: Test Failed!!!\nE       assert 13 == 0.6666666666666666\n\ntest_params.py:69: AssertionError",
  "flaky" : false,
  "newFailed" : false,
  "beforeStages" : [ {
    "name" : "class_logging",
    "time" : {
      "start" : 1573546636503,
      "stop" : 1573546636503,
      "duration" : 0
    },
    "status" : "passed",
    "steps" : [ ],
    "attachments" : [ ],
    "parameters" : [ ],
    "stepsCount" : 0,
    "attachmentsCount" : 0,
    "shouldDisplayMessage" : false,
    "hasContent" : false
  }, {
    "name" : "method_logging",
    "time" : {
      "start" : 1573546636646,
      "stop" : 1573546636646,
      "duration" : 0
    },
    "status" : "passed",
    "steps" : [ ],
    "attachments" : [ ],
    "parameters" : [ ],
    "stepsCount" : 0,
    "attachmentsCount" : 0,
    "shouldDisplayMessage" : false,
    "hasContent" : false
  } ],
  "testStage" : {
    "description" : "除法计算",
    "status" : "failed",
    "statusMessage" : "AssertionError: Test Failed!!!\nassert 13 == 0.6666666666666666",
    "statusTrace" : "self = <Work.test_params.TestParams object at 0x10df214a8>, a = 6, b = 9\nexpected = 13\n\n    @allure.description(\"除法计算\")\n    @pytest.mark.parametrize(\"a,b,expected\", json.load(open(\"calc.json\")))\n    def test_div(self, a, b, expected):\n        sum = div(a, b)\n>       assert expected == sum, \"Test Failed!!!\"\nE       AssertionError: Test Failed!!!\nE       assert 13 == 0.6666666666666666\n\ntest_params.py:69: AssertionError",
    "steps" : [ ],
    "attachments" : [ {
      "uid" : "6cb267e32cd737b5",
      "name" : "log",
      "source" : "6cb267e32cd737b5.txt",
      "type" : "text/plain",
      "size" : 97
    }, {
      "uid" : "dc3de0c58829c714",
      "name" : "stderr",
      "source" : "dc3de0c58829c714.txt",
      "type" : "text/plain",
      "size" : 54
    } ],
    "parameters" : [ ],
    "stepsCount" : 0,
    "attachmentsCount" : 2,
    "shouldDisplayMessage" : true,
    "hasContent" : true
  },
  "afterStages" : [ {
    "name" : "class_logging::0",
    "time" : {
      "start" : 1573546636668,
      "stop" : 1573546636668,
      "duration" : 0
    },
    "status" : "passed",
    "steps" : [ ],
    "attachments" : [ ],
    "parameters" : [ ],
    "stepsCount" : 0,
    "attachmentsCount" : 0,
    "shouldDisplayMessage" : false,
    "hasContent" : false
  }, {
    "name" : "method_logging::0",
    "time" : {
      "start" : 1573546636653,
      "stop" : 1573546636654,
      "duration" : 1
    },
    "status" : "passed",
    "steps" : [ ],
    "attachments" : [ ],
    "parameters" : [ ],
    "stepsCount" : 0,
    "attachmentsCount" : 0,
    "shouldDisplayMessage" : false,
    "hasContent" : false
  } ],
  "labels" : [ {
    "name" : "suite",
    "value" : "test_params"
  }, {
    "name" : "subSuite",
    "value" : "TestParams"
  }, {
    "name" : "host",
    "value" : "ZTL.local"
  }, {
    "name" : "thread",
    "value" : "3894-MainThread"
  }, {
    "name" : "framework",
    "value" : "pytest"
  }, {
    "name" : "language",
    "value" : "cpython3"
  }, {
    "name" : "package",
    "value" : "test_params"
  }, {
    "name" : "resultFormat",
    "value" : "allure2"
  } ],
  "parameters" : [ {
    "name" : "a",
    "value" : "6"
  }, {
    "name" : "b",
    "value" : "9"
  }, {
    "name" : "expected",
    "value" : "13"
  } ],
  "links" : [ ],
  "hidden" : false,
  "retry" : false,
  "extra" : {
    "severity" : "normal",
    "retries" : [ ],
    "categories" : [ {
      "name" : "Product defects",
      "matchedStatuses" : [ ],
      "flaky" : false
    } ],
    "tags" : [ ]
  },
  "source" : "d73b25c62edf75aa.json",
  "parameterValues" : [ "6", "9", "13" ]
}