{
  "uid" : "e3f9d1141f4219d9",
  "name" : "test_sub[20-4-5]",
  "fullName" : "test_params.TestParams#test_sub",
  "historyId" : "e2ae3185996a45e239bc74873545fcc7",
  "time" : {
    "start" : 1573546636563,
    "stop" : 1573546636563,
    "duration" : 0
  },
  "description" : "减法计算",
  "descriptionHtml" : "<p>减法计算</p>\n",
  "status" : "failed",
  "statusMessage" : "AssertionError: Test Failed!!!\nassert 5 == 16",
  "statusTrace" : "self = <Work.test_params.TestParams object at 0x10df425f8>, a = 20, b = 4\nexpected = 5\n\n    @allure.description(\"减法计算\")\n    @pytest.mark.parametrize(\"a,b,expected\", yaml.load(open(\"params.yaml\"))[\"Sub\"])\n    def test_sub(self, a, b, expected):\n        sum = sub(a, b)\n>       assert expected == sum, \"Test Failed!!!\"\nE       AssertionError: Test Failed!!!\nE       assert 5 == 16\n\ntest_params.py:57: AssertionError",
  "flaky" : false,
  "newFailed" : false,
  "beforeStages" : [ {
    "name" : "class_logging",
    "time" : {
      "start" : 1573546636503,
      "stop" : 1573546636503,
      "duration" : 0
    },
    "status" : "passed",
    "steps" : [ ],
    "attachments" : [ ],
    "parameters" : [ ],
    "stepsCount" : 0,
    "attachmentsCount" : 0,
    "shouldDisplayMessage" : false,
    "hasContent" : false
  }, {
    "name" : "method_logging",
    "time" : {
      "start" : 1573546636562,
      "stop" : 1573546636562,
      "duration" : 0
    },
    "status" : "passed",
    "steps" : [ ],
    "attachments" : [ ],
    "parameters" : [ ],
    "stepsCount" : 0,
    "attachmentsCount" : 0,
    "shouldDisplayMessage" : false,
    "hasContent" : false
  } ],
  "testStage" : {
    "description" : "减法计算",
    "status" : "failed",
    "statusMessage" : "AssertionError: Test Failed!!!\nassert 5 == 16",
    "statusTrace" : "self = <Work.test_params.TestParams object at 0x10df425f8>, a = 20, b = 4\nexpected = 5\n\n    @allure.description(\"减法计算\")\n    @pytest.mark.parametrize(\"a,b,expected\", yaml.load(open(\"params.yaml\"))[\"Sub\"])\n    def test_sub(self, a, b, expected):\n        sum = sub(a, b)\n>       assert expected == sum, \"Test Failed!!!\"\nE       AssertionError: Test Failed!!!\nE       assert 5 == 16\n\ntest_params.py:57: AssertionError",
    "steps" : [ ],
    "attachments" : [ {
      "uid" : "e6f98d72f58c2a7d",
      "name" : "log",
      "source" : "e6f98d72f58c2a7d.txt",
      "type" : "text/plain",
      "size" : 97
    }, {
      "uid" : "f102deeda727de34",
      "name" : "stderr",
      "source" : "f102deeda727de34.txt",
      "type" : "text/plain",
      "size" : 54
    } ],
    "parameters" : [ ],
    "stepsCount" : 0,
    "attachmentsCount" : 2,
    "shouldDisplayMessage" : true,
    "hasContent" : true
  },
  "afterStages" : [ {
    "name" : "class_logging::0",
    "time" : {
      "start" : 1573546636668,
      "stop" : 1573546636668,
      "duration" : 0
    },
    "status" : "passed",
    "steps" : [ ],
    "attachments" : [ ],
    "parameters" : [ ],
    "stepsCount" : 0,
    "attachmentsCount" : 0,
    "shouldDisplayMessage" : false,
    "hasContent" : false
  }, {
    "name" : "method_logging::0",
    "time" : {
      "start" : 1573546636567,
      "stop" : 1573546636567,
      "duration" : 0
    },
    "status" : "passed",
    "steps" : [ ],
    "attachments" : [ ],
    "parameters" : [ ],
    "stepsCount" : 0,
    "attachmentsCount" : 0,
    "shouldDisplayMessage" : false,
    "hasContent" : false
  } ],
  "labels" : [ {
    "name" : "suite",
    "value" : "test_params"
  }, {
    "name" : "subSuite",
    "value" : "TestParams"
  }, {
    "name" : "host",
    "value" : "ZTL.local"
  }, {
    "name" : "thread",
    "value" : "3894-MainThread"
  }, {
    "name" : "framework",
    "value" : "pytest"
  }, {
    "name" : "language",
    "value" : "cpython3"
  }, {
    "name" : "package",
    "value" : "test_params"
  }, {
    "name" : "resultFormat",
    "value" : "allure2"
  } ],
  "parameters" : [ {
    "name" : "a",
    "value" : "20"
  }, {
    "name" : "b",
    "value" : "4"
  }, {
    "name" : "expected",
    "value" : "5"
  } ],
  "links" : [ ],
  "hidden" : false,
  "retry" : false,
  "extra" : {
    "severity" : "normal",
    "retries" : [ ],
    "categories" : [ {
      "name" : "Product defects",
      "matchedStatuses" : [ ],
      "flaky" : false
    } ],
    "tags" : [ ]
  },
  "source" : "e3f9d1141f4219d9.json",
  "parameterValues" : [ "20", "4", "5" ]
}