{"name": "test_div[6-9-13]", "status": "failed", "statusDetails": {"message": "AssertionError: Test Failed!!!\nassert 13 == 0.6666666666666666", "trace": "self = <Work.test_params.TestParams object at 0x104ea2c88>, a = 6, b = 9\nexpected = 13\n\n    @allure.description(\"除法计算\")\n    @pytest.mark.parametrize(\"a,b,expected\", json.load(open(\"calc.json\")))\n    def test_div(self, a, b, expected):\n        sum = div(a, b)\n>       assert expected == sum, \"Test Failed!!!\"\nE       AssertionError: Test Failed!!!\nE       assert 13 == 0.6666666666666666\n\ntest_params.py:69: AssertionError"}, "description": "除法计算", "attachments": [{"name": "log", "source": "97122ffc-ad4e-4607-9f55-156e0f500732-attachment.txt", "type": "text/plain"}, {"name": "stderr", "source": "bb0a069c-d0f3-4919-a28d-d1149d884698-attachment.txt", "type": "text/plain"}], "parameters": [{"name": "a", "value": "6"}, {"name": "b", "value": "9"}, {"name": "expected", "value": "13"}], "start": 1572059932940, "stop": 1572059932941, "uuid": "59726b1f-49d5-4a2a-8ddb-14ad760f04c7", "historyId": "03ecdd0bf7d33869c017ec76ee5de413", "testCaseId": "243ba8f9a2029d8defe85efe50ba144b", "fullName": "test_params.TestParams#test_div", "labels": [{"name": "suite", "value": "test_params"}, {"name": "subSuite", "value": "TestParams"}, {"name": "host", "value": "ParsondeMacBook-Pro.local"}, {"name": "thread", "value": "7295-MainThread"}, {"name": "framework", "value": "pytest"}, {"name": "language", "value": "cpython3"}, {"name": "package", "value": "test_params"}]}