{"name": "test_mul[9-6-15]", "status": "failed", "statusDetails": {"message": "AssertionError: Test Failed!!!\nassert 15 == 54", "trace": "self = <Work.test_params.TestParams object at 0x104ea2cc0>, a = 9, b = 6\nexpected = 15\n\n    @allure.description(\"乘法计算\")\n    @pytest.mark.parametrize(\"a,b,expected\", yaml.load(open(\"params.yaml\"))[\"Mul\"])\n    def test_mul(self, a, b, expected):\n        sum = mul(a, b)\n>       assert expected == sum, \"Test Failed!!!\"\nE       AssertionError: Test Failed!!!\nE       assert 15 == 54\n\ntest_params.py:63: AssertionError"}, "description": "乘法计算", "attachments": [{"name": "log", "source": "d0ab4951-62bb-459a-a5a2-bb41bf05e4b9-attachment.txt", "type": "text/plain"}, {"name": "stderr", "source": "bbc1791e-b962-45a9-bdd3-56e1c1ebfedc-attachment.txt", "type": "text/plain"}], "parameters": [{"name": "a", "value": "9"}, {"name": "b", "value": "6"}, {"name": "expected", "value": "15"}], "start": 1572059932865, "stop": 1572059932865, "uuid": "782ee0bd-1a8a-432a-8e82-7ced5d15c3c2", "historyId": "5147a9713d2dc0e7bb5e2bdfd74bd868", "testCaseId": "6107f4c26291394d677dde20760f05d3", "fullName": "test_params.TestParams#test_mul", "labels": [{"name": "suite", "value": "test_params"}, {"name": "subSuite", "value": "TestParams"}, {"name": "host", "value": "ParsondeMacBook-Pro.local"}, {"name": "thread", "value": "7295-MainThread"}, {"name": "framework", "value": "pytest"}, {"name": "language", "value": "cpython3"}, {"name": "package", "value": "test_params"}]}