{"name": "test_six[10-2-5]", "status": "failed", "statusDetails": {"message": "AssertionError: assert 12 == 5\n +  where 12 = add(10, 2)", "trace": "self = <Work.test_work2.TestB object at 0x104e76748>, module = None\nclassB_start = None, a = 10, b = 2, expected = 5\n\n    @pytest.mark.parametrize(\"a,b,expected\", json.load(open(\"calc.json\")))\n    def test_six(self, module, classB_start, a, b, expected):\n        # a = json.load(open(\"calc.json\"))\n        # print(a[\"login\"])\n        logging.info(\"This is test_six!!!\")\n>       assert add(a, b) == expected\nE       assert 12 == 5\nE        +  where 12 = add(10, 2)\n\ntest_work2.py:45: AssertionError"}, "attachments": [{"name": "log", "source": "de5a06f1-a480-459f-b645-a154f2b91fad-attachment.txt", "type": "text/plain"}, {"name": "stderr", "source": "90057187-b1cd-4aaa-887d-eee568f3619a-attachment.txt", "type": "text/plain"}], "parameters": [{"name": "a", "value": "10"}, {"name": "b", "value": "2"}, {"name": "expected", "value": "5"}], "start": 1572059932574, "stop": 1572059932575, "uuid": "0e9cd67c-4b03-41a3-a32b-27fc4a00da24", "historyId": "1a5de33974d0bd15ec4df2622a6e6adf", "testCaseId": "4f6de44d5dec1d8b69075d2b48ad4434", "fullName": "test_work2.TestB#test_six", "labels": [{"name": "suite", "value": "test_work2"}, {"name": "subSuite", "value": "TestB"}, {"name": "host", "value": "ParsondeMacBook-Pro.local"}, {"name": "thread", "value": "7295-MainThread"}, {"name": "framework", "value": "pytest"}, {"name": "language", "value": "cpython3"}, {"name": "package", "value": "test_work2"}]}