{"name": "test_mul[9-9-18]", "status": "failed", "statusDetails": {"message": "AssertionError: Test Failed!!!\nassert 18 == 81", "trace": "self = <Work.test_params.TestParams object at 0x104e6cc50>, a = 9, b = 9\nexpected = 18\n\n    @allure.description(\"乘法计算\")\n    @pytest.mark.parametrize(\"a,b,expected\", yaml.load(open(\"params.yaml\"))[\"Mul\"])\n    def test_mul(self, a, b, expected):\n        sum = mul(a, b)\n>       assert expected == sum, \"Test Failed!!!\"\nE       AssertionError: Test Failed!!!\nE       assert 18 == 81\n\ntest_params.py:63: AssertionError"}, "description": "乘法计算", "attachments": [{"name": "log", "source": "e1cd1226-4c1d-424f-b21d-7cc48bff5bea-attachment.txt", "type": "text/plain"}, {"name": "stderr", "source": "0ee36c51-9e4e-4be3-a210-2ecd820a489e-attachment.txt", "type": "text/plain"}], "parameters": [{"name": "a", "value": "9"}, {"name": "b", "value": "9"}, {"name": "expected", "value": "18"}], "start": 1572059932893, "stop": 1572059932893, "uuid": "4bee2d73-bb30-46c5-9922-c36f7f86fdbb", "historyId": "24f0bcbfa2214d9c81cdb9bafcdd0eb7", "testCaseId": "6107f4c26291394d677dde20760f05d3", "fullName": "test_params.TestParams#test_mul", "labels": [{"name": "suite", "value": "test_params"}, {"name": "subSuite", "value": "TestParams"}, {"name": "host", "value": "ParsondeMacBook-Pro.local"}, {"name": "thread", "value": "7295-MainThread"}, {"name": "framework", "value": "pytest"}, {"name": "language", "value": "cpython3"}, {"name": "package", "value": "test_params"}]}