{"name": "test_mul[20-4-5]", "status": "failed", "statusDetails": {"message": "AssertionError: Test Failed!!!\nassert 5 == 80", "trace": "self = <Work.test_params.TestParams object at 0x104ea29b0>, a = 20, b = 4\nexpected = 5\n\n    @allure.description(\"乘法计算\")\n    @pytest.mark.parametrize(\"a,b,expected\", yaml.load(open(\"params.yaml\"))[\"Mul\"])\n    def test_mul(self, a, b, expected):\n        sum = mul(a, b)\n>       assert expected == sum, \"Test Failed!!!\"\nE       AssertionError: Test Failed!!!\nE       assert 5 == 80\n\ntest_params.py:63: AssertionError"}, "description": "乘法计算", "attachments": [{"name": "log", "source": "944fdc1f-4d70-45e6-94fe-1d425545e71f-attachment.txt", "type": "text/plain"}, {"name": "stderr", "source": "b3847824-4731-479e-a34b-9e1f6669f21e-attachment.txt", "type": "text/plain"}], "parameters": [{"name": "a", "value": "20"}, {"name": "b", "value": "4"}, {"name": "expected", "value": "5"}], "start": 1572059932906, "stop": 1572059932906, "uuid": "94f2e4ed-866a-4c19-bf30-7be0130d8fa7", "historyId": "b3d94cefd657989f078a39e90cbdf4ee", "testCaseId": "6107f4c26291394d677dde20760f05d3", "fullName": "test_params.TestParams#test_mul", "labels": [{"name": "suite", "value": "test_params"}, {"name": "subSuite", "value": "TestParams"}, {"name": "host", "value": "ParsondeMacBook-Pro.local"}, {"name": "thread", "value": "7295-MainThread"}, {"name": "framework", "value": "pytest"}, {"name": "language", "value": "cpython3"}, {"name": "package", "value": "test_params"}]}