{"name": "test_sub[9-9-18]", "status": "failed", "statusDetails": {"message": "AssertionError: Test Failed!!!\nassert 18 == 0", "trace": "self = <Work.test_params.TestParams object at 0x104e61128>, a = 9, b = 9\nexpected = 18\n\n    @allure.description(\"减法计算\")\n    @pytest.mark.parametrize(\"a,b,expected\", yaml.load(open(\"params.yaml\"))[\"Sub\"])\n    def test_sub(self, a, b, expected):\n        sum = sub(a, b)\n>       assert expected == sum, \"Test Failed!!!\"\nE       AssertionError: Test Failed!!!\nE       assert 18 == 0\n\ntest_params.py:57: AssertionError"}, "description": "减法计算", "attachments": [{"name": "log", "source": "4f23c392-da0d-4c50-8d70-0113b46d6064-attachment.txt", "type": "text/plain"}, {"name": "stderr", "source": "1d324fa4-04dd-434e-8c34-df466460bae8-attachment.txt", "type": "text/plain"}], "parameters": [{"name": "a", "value": "9"}, {"name": "b", "value": "9"}, {"name": "expected", "value": "18"}], "start": 1572059932825, "stop": 1572059932825, "uuid": "e52db7af-aaa7-478d-a1ea-b68304e8b1ec", "historyId": "6b0def890cb6c9ae528044507ac6e7db", "testCaseId": "370d5971ba1292590aa7151d82abd322", "fullName": "test_params.TestParams#test_sub", "labels": [{"name": "suite", "value": "test_params"}, {"name": "subSuite", "value": "TestParams"}, {"name": "host", "value": "ParsondeMacBook-Pro.local"}, {"name": "thread", "value": "7295-MainThread"}, {"name": "framework", "value": "pytest"}, {"name": "language", "value": "cpython3"}, {"name": "package", "value": "test_params"}]}