{"name": "test_nine[3-3-9]", "status": "failed", "statusDetails": {"message": "AssertionError: assert 6 == 9\n +  where 6 = add(3, 3)", "trace": "self = <Work.test_work.TestC object at 0x104c4cb00>, a = 3, b = 3, expected = 9\n\n    @pytest.mark.run(order=2)\n    # @pytest.mark.run('second')\n    @pytest.mark.parametrize(\"a,b,expected\", yaml.load(open(\"calc.yaml\")))\n    def test_nine(self, a, b, expected):\n        logging.info(\"This is test_nine!!!\")\n>       assert add(a, b) == expected\nE       assert 6 == 9\nE        +  where 6 = add(3, 3)\n\ntest_work.py:81: AssertionError"}, "attachments": [{"name": "log", "source": "6336fc0b-7323-4e62-87a6-71640a882abc-attachment.txt", "type": "text/plain"}, {"name": "stderr", "source": "87d9d176-6f34-47f2-b300-ef148cef6bba-attachment.txt", "type": "text/plain"}], "parameters": [{"name": "a", "value": "3"}, {"name": "b", "value": "3"}, {"name": "expected", "value": "9"}], "start": 1572059932450, "stop": 1572059932451, "uuid": "94ef3ade-14c0-4f8b-a6e7-4139bbd499ca", "historyId": "1e47cfe1eb37baeaa0c789e5434618f6", "testCaseId": "94eee2a481c08a178297ee94c3c1d95a", "fullName": "test_work.TestC#test_nine", "labels": [{"name": "suite", "value": "test_work"}, {"name": "subSuite", "value": "TestC"}, {"name": "host", "value": "ParsondeMacBook-Pro.local"}, {"name": "thread", "value": "7295-MainThread"}, {"name": "framework", "value": "pytest"}, {"name": "language", "value": "cpython3"}, {"name": "package", "value": "test_work"}]}