{"name": "test_sub[3-3-9]", "status": "failed", "statusDetails": {"message": "AssertionError: Test Failed!!!\nassert 9 == 0", "trace": "self = <Work.test_params.TestParams object at 0x104ea2780>, a = 3, b = 3\nexpected = 9\n\n    @allure.description(\"减法计算\")\n    @pytest.mark.parametrize(\"a,b,expected\", yaml.load(open(\"params.yaml\"))[\"Sub\"])\n    def test_sub(self, a, b, expected):\n        sum = sub(a, b)\n>       assert expected == sum, \"Test Failed!!!\"\nE       AssertionError: Test Failed!!!\nE       assert 9 == 0\n\ntest_params.py:57: AssertionError"}, "description": "减法计算", "attachments": [{"name": "log", "source": "aa5d0730-85d4-45c2-88ad-f8ae6597fc9f-attachment.txt", "type": "text/plain"}, {"name": "stderr", "source": "6e395a66-722f-4fd9-a1b2-5c869a0c6cd8-attachment.txt", "type": "text/plain"}], "parameters": [{"name": "a", "value": "3"}, {"name": "b", "value": "3"}, {"name": "expected", "value": "9"}], "start": 1572059932781, "stop": 1572059932781, "uuid": "41bf3685-8f4b-428c-a4f5-a008cf3d3eef", "historyId": "5add922e42c354688202d450e8439457", "testCaseId": "370d5971ba1292590aa7151d82abd322", "fullName": "test_params.TestParams#test_sub", "labels": [{"name": "suite", "value": "test_params"}, {"name": "subSuite", "value": "TestParams"}, {"name": "host", "value": "ParsondeMacBook-Pro.local"}, {"name": "thread", "value": "7295-MainThread"}, {"name": "framework", "value": "pytest"}, {"name": "language", "value": "cpython3"}, {"name": "package", "value": "test_params"}]}