{"name": "test_add[40-40-1]", "status": "failed", "statusDetails": {"message": "AssertionError: Test Failed!!!\nassert 1 == 80", "trace": "self = <Work.test_params.TestParams object at 0x104e6c1d0>, a = 40, b = 40\nexpected = 1\n\n    @allure.description(\"加法计算\")\n    @pytest.mark.parametrize(\"a,b,expected\", [(5, 7, 9),\n                                              (4, 4, 8),\n                                              (9, 9, 18),\n                                              (40, 40, 1),\n                                              (6, 5, 30)])\n    def test_add(self, a, b, expected):\n        sum = add(a, b)\n>       assert expected == sum, \"Test Failed!!!\"\nE       AssertionError: Test Failed!!!\nE       assert 1 == 80\n\ntest_params.py:51: AssertionError"}, "description": "加法计算", "attachments": [{"name": "log", "source": "b282a0b3-21d5-40fc-a452-ff02cd009fb2-attachment.txt", "type": "text/plain"}, {"name": "stderr", "source": "f0c1c82f-5dce-4a37-bd07-acbac9d874b8-attachment.txt", "type": "text/plain"}], "parameters": [{"name": "a", "value": "40"}, {"name": "b", "value": "40"}, {"name": "expected", "value": "1"}], "start": 1572059932755, "stop": 1572059932755, "uuid": "af3283fd-278d-4f4d-abc0-987b3e2518fb", "historyId": "b76acea2ea277bb96d1868f183ffdb43", "testCaseId": "5e9e0a754422f4a1cda34a85c2742411", "fullName": "test_params.TestParams#test_add", "labels": [{"name": "suite", "value": "test_params"}, {"name": "subSuite", "value": "TestParams"}, {"name": "host", "value": "ParsondeMacBook-Pro.local"}, {"name": "thread", "value": "7295-MainThread"}, {"name": "framework", "value": "pytest"}, {"name": "language", "value": "cpython3"}, {"name": "package", "value": "test_params"}]}