{"name": "test_div[5-5-10]", "status": "failed", "statusDetails": {"message": "AssertionError: Test Failed!!!\nassert 10 == 1.0", "trace": "self = <Work.test_params.TestParams object at 0x104e8c048>, a = 5, b = 5\nexpected = 10\n\n    @allure.description(\"除法计算\")\n    @pytest.mark.parametrize(\"a,b,expected\", json.load(open(\"calc.json\")))\n    def test_div(self, a, b, expected):\n        sum = div(a, b)\n>       assert expected == sum, \"Test Failed!!!\"\nE       AssertionError: Test Failed!!!\nE       assert 10 == 1.0\n\ntest_params.py:69: AssertionError"}, "description": "除法计算", "attachments": [{"name": "log", "source": "a7520897-74be-42ce-916a-d140ae557512-attachment.txt", "type": "text/plain"}, {"name": "stderr", "source": "1effa55a-a083-4ba3-a74f-299ba5074a04-attachment.txt", "type": "text/plain"}], "parameters": [{"name": "a", "value": "5"}, {"name": "b", "value": "5"}, {"name": "expected", "value": "10"}], "start": 1572059932931, "stop": 1572059932932, "uuid": "2eaa5150-8478-4f93-aaaf-ad510e4979a1", "historyId": "a4bd6bd4dd0ec64a864ee4c364a02ed8", "testCaseId": "243ba8f9a2029d8defe85efe50ba144b", "fullName": "test_params.TestParams#test_div", "labels": [{"name": "suite", "value": "test_params"}, {"name": "subSuite", "value": "TestParams"}, {"name": "host", "value": "ParsondeMacBook-Pro.local"}, {"name": "thread", "value": "7295-MainThread"}, {"name": "framework", "value": "pytest"}, {"name": "language", "value": "cpython3"}, {"name": "package", "value": "test_params"}]}