{"name": "test_mul[8-6-2]", "status": "failed", "statusDetails": {"message": "AssertionError: Test Failed!!!\nassert 2 == 48", "trace": "self = <Work.test_params.TestParams object at 0x104e8c978>, a = 8, b = 6\nexpected = 2\n\n    @allure.description(\"乘法计算\")\n    @pytest.mark.parametrize(\"a,b,expected\", yaml.load(open(\"params.yaml\"))[\"Mul\"])\n    def test_mul(self, a, b, expected):\n        sum = mul(a, b)\n>       assert expected == sum, \"Test Failed!!!\"\nE       AssertionError: Test Failed!!!\nE       assert 2 == 48\n\ntest_params.py:63: AssertionError"}, "description": "乘法计算", "attachments": [{"name": "log", "source": "6489eea5-76c7-4306-a29d-82bf08215a78-attachment.txt", "type": "text/plain"}, {"name": "stderr", "source": "ba80c138-2931-45e2-9a99-216d4c2b677c-attachment.txt", "type": "text/plain"}], "parameters": [{"name": "a", "value": "8"}, {"name": "b", "value": "6"}, {"name": "expected", "value": "2"}], "start": 1572059932876, "stop": 1572059932876, "uuid": "e0975c97-d293-4613-83a1-b6f6766efe5e", "historyId": "4cf267f13c7b6a5585e63dff0a3af5f4", "testCaseId": "6107f4c26291394d677dde20760f05d3", "fullName": "test_params.TestParams#test_mul", "labels": [{"name": "suite", "value": "test_params"}, {"name": "subSuite", "value": "TestParams"}, {"name": "host", "value": "ParsondeMacBook-Pro.local"}, {"name": "thread", "value": "7295-MainThread"}, {"name": "framework", "value": "pytest"}, {"name": "language", "value": "cpython3"}, {"name": "package", "value": "test_params"}]}