{"name": "test_sub[9-6-15]", "status": "failed", "statusDetails": {"message": "AssertionError: Test Failed!!!\nassert 15 == 3", "trace": "self = <Work.test_params.TestParams object at 0x104e766a0>, a = 9, b = 6\nexpected = 15\n\n    @allure.description(\"减法计算\")\n    @pytest.mark.parametrize(\"a,b,expected\", yaml.load(open(\"params.yaml\"))[\"Sub\"])\n    def test_sub(self, a, b, expected):\n        sum = sub(a, b)\n>       assert expected == sum, \"Test Failed!!!\"\nE       AssertionError: Test Failed!!!\nE       assert 15 == 3\n\ntest_params.py:57: AssertionError"}, "description": "减法计算", "attachments": [{"name": "log", "source": "6d235747-aabb-4187-bd0f-651e5d536bc4-attachment.txt", "type": "text/plain"}, {"name": "stderr", "source": "d6efa1d1-7612-48bd-b0fb-55bcad2bda1b-attachment.txt", "type": "text/plain"}], "parameters": [{"name": "a", "value": "9"}, {"name": "b", "value": "6"}, {"name": "expected", "value": "15"}], "start": 1572059932795, "stop": 1572059932796, "uuid": "af85913a-6e13-424b-a6df-0cd3fde8486f", "historyId": "32e388f8acdf06f52a7d579344538255", "testCaseId": "370d5971ba1292590aa7151d82abd322", "fullName": "test_params.TestParams#test_sub", "labels": [{"name": "suite", "value": "test_params"}, {"name": "subSuite", "value": "TestParams"}, {"name": "host", "value": "ParsondeMacBook-Pro.local"}, {"name": "thread", "value": "7295-MainThread"}, {"name": "framework", "value": "pytest"}, {"name": "language", "value": "cpython3"}, {"name": "package", "value": "test_params"}]}