{"name": "test_add[5-7-9]", "status": "failed", "statusDetails": {"message": "AssertionError: Test Failed!!!\nassert 9 == 12", "trace": "self = <Work.test_params.TestParams object at 0x10644df28>, a = 5, b = 7\nexpected = 9\n\n    @allure.description(\"加法计算\")\n    @pytest.mark.parametrize(\"a,b,expected\", [(5, 7, 9),\n                                              (4, 4, 8),\n                                              (9, 9, 18),\n                                              (40, 40, 1),\n                                              (6, 5, 30)])\n    def test_add(self, a, b, expected):\n        sum = add(a, b)\n>       assert expected == sum, \"Test Failed!!!\"\nE       AssertionError: Test Failed!!!\nE       assert 9 == 12\n\ntest_params.py:51: AssertionError"}, "description": "加法计算", "attachments": [{"name": "log", "source": "246e3ddd-773c-45c9-8551-cffe7cd9ed4c-attachment.txt", "type": "text/plain"}, {"name": "stderr", "source": "8dcfd14d-97c8-42af-a6ad-e7d2c14eea7f-attachment.txt", "type": "text/plain"}], "parameters": [{"name": "a", "value": "5"}, {"name": "b", "value": "7"}, {"name": "expected", "value": "9"}], "start": 1572059932720, "stop": 1572059932721, "uuid": "dcaf04a4-14b2-4292-ab59-90118cc3a37f", "historyId": "0eb9a4f5e5f04a49166bf97c3c0694f2", "testCaseId": "5e9e0a754422f4a1cda34a85c2742411", "fullName": "test_params.TestParams#test_add", "labels": [{"name": "suite", "value": "test_params"}, {"name": "subSuite", "value": "TestParams"}, {"name": "host", "value": "ParsondeMacBook-Pro.local"}, {"name": "thread", "value": "7295-MainThread"}, {"name": "framework", "value": "pytest"}, {"name": "language", "value": "cpython3"}, {"name": "package", "value": "test_params"}]}