{"name": "test_div[3-6-9]", "status": "failed", "statusDetails": {"message": "AssertionError: Test Failed!!!\nassert 9 == 0.5", "trace": "self = <Work.test_params.TestParams object at 0x104ea0860>, a = 3, b = 6\nexpected = 9\n\n    @allure.description(\"除法计算\")\n    @pytest.mark.parametrize(\"a,b,expected\", json.load(open(\"calc.json\")))\n    def test_div(self, a, b, expected):\n        sum = div(a, b)\n>       assert expected == sum, \"Test Failed!!!\"\nE       AssertionError: Test Failed!!!\nE       assert 9 == 0.5\n\ntest_params.py:69: AssertionError"}, "description": "除法计算", "attachments": [{"name": "log", "source": "1f1fd1ad-9473-4381-b692-04acde844dac-attachment.txt", "type": "text/plain"}, {"name": "stderr", "source": "91480e44-9f77-4ec6-96b4-fcb2eba54c6c-attachment.txt", "type": "text/plain"}], "parameters": [{"name": "a", "value": "3"}, {"name": "b", "value": "6"}, {"name": "expected", "value": "9"}], "start": 1572059932920, "stop": 1572059932920, "uuid": "da533ec3-1782-4516-b0c5-d94e4ff6efcb", "historyId": "14398347fc48cce2860bafbc24279bc8", "testCaseId": "243ba8f9a2029d8defe85efe50ba144b", "fullName": "test_params.TestParams#test_div", "labels": [{"name": "suite", "value": "test_params"}, {"name": "subSuite", "value": "TestParams"}, {"name": "host", "value": "ParsondeMacBook-Pro.local"}, {"name": "thread", "value": "7295-MainThread"}, {"name": "framework", "value": "pytest"}, {"name": "language", "value": "cpython3"}, {"name": "package", "value": "test_params"}]}