{"name": "test_sub[20-4-5]", "status": "failed", "statusDetails": {"message": "AssertionError: Test Failed!!!\nassert 5 == 16", "trace": "self = <Work.test_params.TestParams object at 0x104e4d9e8>, a = 20, b = 4\nexpected = 5\n\n    @allure.description(\"减法计算\")\n    @pytest.mark.parametrize(\"a,b,expected\", yaml.load(open(\"params.yaml\"))[\"Sub\"])\n    def test_sub(self, a, b, expected):\n        sum = sub(a, b)\n>       assert expected == sum, \"Test Failed!!!\"\nE       AssertionError: Test Failed!!!\nE       assert 5 == 16\n\ntest_params.py:57: AssertionError"}, "description": "减法计算", "attachments": [{"name": "log", "source": "0599e465-51d8-4bc7-a500-60199306f7ad-attachment.txt", "type": "text/plain"}, {"name": "stderr", "source": "4da58db1-938f-4382-8425-87df542ebb35-attachment.txt", "type": "text/plain"}], "parameters": [{"name": "a", "value": "20"}, {"name": "b", "value": "4"}, {"name": "expected", "value": "5"}], "start": 1572059932839, "stop": 1572059932840, "uuid": "fbb942bb-4004-4533-b52e-519903728788", "historyId": "e2ae3185996a45e239bc74873545fcc7", "testCaseId": "370d5971ba1292590aa7151d82abd322", "fullName": "test_params.TestParams#test_sub", "labels": [{"name": "suite", "value": "test_params"}, {"name": "subSuite", "value": "TestParams"}, {"name": "host", "value": "ParsondeMacBook-Pro.local"}, {"name": "thread", "value": "7295-MainThread"}, {"name": "framework", "value": "pytest"}, {"name": "language", "value": "cpython3"}, {"name": "package", "value": "test_params"}]}