{"name": "test_add[6-5-30]", "status": "failed", "statusDetails": {"message": "AssertionError: Test Failed!!!\nassert 30 == 11", "trace": "self = <Work.test_params.TestParams object at 0x104e6c9e8>, a = 6, b = 5\nexpected = 30\n\n    @allure.description(\"加法计算\")\n    @pytest.mark.parametrize(\"a,b,expected\", [(5, 7, 9),\n                                              (4, 4, 8),\n                                              (9, 9, 18),\n                                              (40, 40, 1),\n                                              (6, 5, 30)])\n    def test_add(self, a, b, expected):\n        sum = add(a, b)\n>       assert expected == sum, \"Test Failed!!!\"\nE       AssertionError: Test Failed!!!\nE       assert 30 == 11\n\ntest_params.py:51: AssertionError"}, "description": "加法计算", "attachments": [{"name": "log", "source": "0e758790-2a9d-4c6b-92be-03c347c5a14e-attachment.txt", "type": "text/plain"}, {"name": "stderr", "source": "b1f23c05-64a2-4d9a-80ad-6168f94cd87a-attachment.txt", "type": "text/plain"}], "parameters": [{"name": "a", "value": "6"}, {"name": "b", "value": "5"}, {"name": "expected", "value": "30"}], "start": 1572059932768, "stop": 1572059932769, "uuid": "08825494-2522-4550-b766-afb861d0b92b", "historyId": "bf73f3d4a533c2b2864c4b0ecda83325", "testCaseId": "5e9e0a754422f4a1cda34a85c2742411", "fullName": "test_params.TestParams#test_add", "labels": [{"name": "suite", "value": "test_params"}, {"name": "subSuite", "value": "TestParams"}, {"name": "host", "value": "ParsondeMacBook-Pro.local"}, {"name": "thread", "value": "7295-MainThread"}, {"name": "framework", "value": "pytest"}, {"name": "language", "value": "cpython3"}, {"name": "package", "value": "test_params"}]}