{"name": "test_add[40-40-1]", "status": "failed", "statusDetails": {"message": "AssertionError: Test Failed!!!\nassert 1 == 80", "trace": "self = <Work.test_params.TestParams object at 0x10b53a630>, a = 40, b = 40\nexpected = 1\n\n    @allure.description(\"加法计算\")\n    @pytest.mark.parametrize(\"a,b,expected\", [(5, 7, 9),\n                                              (4,4,8),\n                                              (9,9,18),\n                                              (40,40,1),\n                                              (6,5,30)])\n    def test_add(self,a,b,expected):\n        sum = add(a,b)\n>       assert expected == sum,\"Test Failed!!!\"\nE       AssertionError: Test Failed!!!\nE       assert 1 == 80\n\ntest_params.py:47: AssertionError"}, "description": "加法计算", "attachments": [{"name": "log", "source": "680c9e8f-4aee-43d1-8d5b-4a427b605c4f-attachment.txt", "type": "text/plain"}, {"name": "stderr", "source": "74f95fc6-6b68-4539-bf6d-4b782dec34cd-attachment.txt", "type": "text/plain"}], "parameters": [{"name": "a", "value": "40"}, {"name": "b", "value": "40"}, {"name": "expected", "value": "1"}], "start": 1572058204866, "stop": 1572058204866, "uuid": "0505d368-d2f9-4a16-be4e-f92162995171", "historyId": "b76acea2ea277bb96d1868f183ffdb43", "testCaseId": "5e9e0a754422f4a1cda34a85c2742411", "fullName": "test_params.TestParams#test_add", "labels": [{"name": "suite", "value": "test_params"}, {"name": "subSuite", "value": "TestParams"}, {"name": "host", "value": "ParsondeMacBook-Pro.local"}, {"name": "thread", "value": "6564-MainThread"}, {"name": "framework", "value": "pytest"}, {"name": "language", "value": "cpython3"}, {"name": "package", "value": "test_params"}]}