{"name": "test_add[5-7-9]", "status": "failed", "statusDetails": {"message": "AssertionError: Test Failed!!!\nassert 9 == 12", "trace": "self = <Work.test_params.TestParams object at 0x10b53ad68>, a = 5, b = 7\nexpected = 9\n\n    @allure.description(\"加法计算\")\n    @pytest.mark.parametrize(\"a,b,expected\", [(5, 7, 9),\n                                              (4,4,8),\n                                              (9,9,18),\n                                              (40,40,1),\n                                              (6,5,30)])\n    def test_add(self,a,b,expected):\n        sum = add(a,b)\n>       assert expected == sum,\"Test Failed!!!\"\nE       AssertionError: Test Failed!!!\nE       assert 9 == 12\n\ntest_params.py:47: AssertionError"}, "description": "加法计算", "attachments": [{"name": "log", "source": "fc3a0fb3-2653-427c-ad45-efc01da037c8-attachment.txt", "type": "text/plain"}, {"name": "stderr", "source": "55d3f63e-0232-49dd-9f85-bd14c5b6111e-attachment.txt", "type": "text/plain"}], "parameters": [{"name": "a", "value": "5"}, {"name": "b", "value": "7"}, {"name": "expected", "value": "9"}], "start": 1572058204840, "stop": 1572058204841, "uuid": "66550294-07cb-452a-83e5-bd62de9cf9c0", "historyId": "0eb9a4f5e5f04a49166bf97c3c0694f2", "testCaseId": "5e9e0a754422f4a1cda34a85c2742411", "fullName": "test_params.TestParams#test_add", "labels": [{"name": "suite", "value": "test_params"}, {"name": "subSuite", "value": "TestParams"}, {"name": "host", "value": "ParsondeMacBook-Pro.local"}, {"name": "thread", "value": "6564-MainThread"}, {"name": "framework", "value": "pytest"}, {"name": "language", "value": "cpython3"}, {"name": "package", "value": "test_params"}]}