{"name": "test_six[6-9-13]", "status": "failed", "statusDetails": {"message": "AssertionError: assert 15 == 13\n +  where 15 = add(6, 9)", "trace": "self = <Work.test_work.TestB object at 0x10b2c7128>, a = 6, b = 9, expected = 13\n\n    @pytest.mark.parametrize(\"a,b,expected\", json.load(open(\"calc.json\")))\n    def test_six(self, a, b, expected):\n        logging.info(\"This is test_six!!!\")\n>       assert add(a, b) == expected\nE       assert 15 == 13\nE        +  where 15 = add(6, 9)\n\ntest_work.py:58: AssertionError"}, "attachments": [{"name": "log", "source": "f8d7bcec-68e1-4340-98d0-40d0618bbd0c-attachment.txt", "type": "text/plain"}, {"name": "stderr", "source": "e7eff3c2-6016-40c6-a041-86961579c979-attachment.txt", "type": "text/plain"}], "parameters": [{"name": "a", "value": "6"}, {"name": "b", "value": "9"}, {"name": "expected", "value": "13"}], "start": 1571538978967, "stop": 1571538978968, "uuid": "ca18de49-e302-48bc-9605-fe2b7b3e6512", "historyId": "fe82b554876d75cd5a307d34c53dd79f", "testCaseId": "33cda52eda96a5e8528fcc03f1cd347a", "fullName": "test_work.TestB#test_six", "labels": [{"name": "suite", "value": "test_work"}, {"name": "subSuite", "value": "TestB"}, {"name": "host", "value": "ParsondeMacBook-Pro.local"}, {"name": "thread", "value": "2205-MainThread"}, {"name": "framework", "value": "pytest"}, {"name": "language", "value": "cpython3"}, {"name": "package", "value": "test_work"}]}