{
  "uid" : "16d66c484d339e2a",
  "name" : "test_div[5-5-10]",
  "fullName" : "test_params.TestParams#test_div",
  "historyId" : "a4bd6bd4dd0ec64a864ee4c364a02ed8",
  "time" : {
    "start" : 1572059932931,
    "stop" : 1572059932932,
    "duration" : 1
  },
  "description" : "除法计算",
  "descriptionHtml" : "<p>除法计算</p>\n",
  "status" : "failed",
  "statusMessage" : "AssertionError: Test Failed!!!\nassert 10 == 1.0",
  "statusTrace" : "self = <Work.test_params.TestParams object at 0x104e8c048>, a = 5, b = 5\nexpected = 10\n\n    @allure.description(\"除法计算\")\n    @pytest.mark.parametrize(\"a,b,expected\", json.load(open(\"calc.json\")))\n    def test_div(self, a, b, expected):\n        sum = div(a, b)\n>       assert expected == sum, \"Test Failed!!!\"\nE       AssertionError: Test Failed!!!\nE       assert 10 == 1.0\n\ntest_params.py:69: AssertionError",
  "flaky" : false,
  "newFailed" : false,
  "beforeStages" : [ {
    "name" : "class_logging",
    "time" : {
      "start" : 1572059932718,
      "stop" : 1572059932718,
      "duration" : 0
    },
    "status" : "passed",
    "steps" : [ ],
    "attachments" : [ ],
    "parameters" : [ ],
    "stepsCount" : 0,
    "attachmentsCount" : 0,
    "shouldDisplayMessage" : false,
    "hasContent" : false
  }, {
    "name" : "method_logging",
    "time" : {
      "start" : 1572059932929,
      "stop" : 1572059932929,
      "duration" : 0
    },
    "status" : "passed",
    "steps" : [ ],
    "attachments" : [ ],
    "parameters" : [ ],
    "stepsCount" : 0,
    "attachmentsCount" : 0,
    "shouldDisplayMessage" : false,
    "hasContent" : false
  } ],
  "testStage" : {
    "description" : "除法计算",
    "status" : "failed",
    "statusMessage" : "AssertionError: Test Failed!!!\nassert 10 == 1.0",
    "statusTrace" : "self = <Work.test_params.TestParams object at 0x104e8c048>, a = 5, b = 5\nexpected = 10\n\n    @allure.description(\"除法计算\")\n    @pytest.mark.parametrize(\"a,b,expected\", json.load(open(\"calc.json\")))\n    def test_div(self, a, b, expected):\n        sum = div(a, b)\n>       assert expected == sum, \"Test Failed!!!\"\nE       AssertionError: Test Failed!!!\nE       assert 10 == 1.0\n\ntest_params.py:69: AssertionError",
    "steps" : [ ],
    "attachments" : [ {
      "uid" : "ba4192286516d0a4",
      "name" : "log",
      "source" : "ba4192286516d0a4.txt",
      "type" : "text/plain",
      "size" : 97
    }, {
      "uid" : "99a69574d158e357",
      "name" : "stderr",
      "source" : "99a69574d158e357.txt",
      "type" : "text/plain",
      "size" : 54
    } ],
    "parameters" : [ ],
    "stepsCount" : 0,
    "attachmentsCount" : 2,
    "shouldDisplayMessage" : true,
    "hasContent" : true
  },
  "afterStages" : [ {
    "name" : "class_logging::0",
    "time" : {
      "start" : 1572059932961,
      "stop" : 1572059932961,
      "duration" : 0
    },
    "status" : "passed",
    "steps" : [ ],
    "attachments" : [ ],
    "parameters" : [ ],
    "stepsCount" : 0,
    "attachmentsCount" : 0,
    "shouldDisplayMessage" : false,
    "hasContent" : false
  }, {
    "name" : "method_logging::0",
    "time" : {
      "start" : 1572059932937,
      "stop" : 1572059932937,
      "duration" : 0
    },
    "status" : "passed",
    "steps" : [ ],
    "attachments" : [ ],
    "parameters" : [ ],
    "stepsCount" : 0,
    "attachmentsCount" : 0,
    "shouldDisplayMessage" : false,
    "hasContent" : false
  } ],
  "labels" : [ {
    "name" : "suite",
    "value" : "test_params"
  }, {
    "name" : "subSuite",
    "value" : "TestParams"
  }, {
    "name" : "host",
    "value" : "ParsondeMacBook-Pro.local"
  }, {
    "name" : "thread",
    "value" : "7295-MainThread"
  }, {
    "name" : "framework",
    "value" : "pytest"
  }, {
    "name" : "language",
    "value" : "cpython3"
  }, {
    "name" : "package",
    "value" : "test_params"
  }, {
    "name" : "resultFormat",
    "value" : "allure2"
  } ],
  "parameters" : [ {
    "name" : "a",
    "value" : "5"
  }, {
    "name" : "b",
    "value" : "5"
  }, {
    "name" : "expected",
    "value" : "10"
  } ],
  "links" : [ ],
  "hidden" : false,
  "retry" : false,
  "extra" : {
    "severity" : "normal",
    "retries" : [ ],
    "categories" : [ {
      "name" : "Product defects",
      "matchedStatuses" : [ ],
      "flaky" : false
    } ],
    "tags" : [ ]
  },
  "source" : "16d66c484d339e2a.json",
  "parameterValues" : [ "5", "5", "10" ]
}