{
  "uid" : "220cca947c55e282",
  "name" : "test_six[10-2-5]",
  "fullName" : "test_work2.TestB#test_six",
  "historyId" : "1a5de33974d0bd15ec4df2622a6e6adf",
  "time" : {
    "start" : 1572059932574,
    "stop" : 1572059932575,
    "duration" : 1
  },
  "status" : "failed",
  "statusMessage" : "AssertionError: assert 12 == 5\n +  where 12 = add(10, 2)",
  "statusTrace" : "self = <Work.test_work2.TestB object at 0x104e76748>, module = None\nclassB_start = None, a = 10, b = 2, expected = 5\n\n    @pytest.mark.parametrize(\"a,b,expected\", json.load(open(\"calc.json\")))\n    def test_six(self, module, classB_start, a, b, expected):\n        # a = json.load(open(\"calc.json\"))\n        # print(a[\"login\"])\n        logging.info(\"This is test_six!!!\")\n>       assert add(a, b) == expected\nE       assert 12 == 5\nE        +  where 12 = add(10, 2)\n\ntest_work2.py:45: AssertionError",
  "flaky" : false,
  "newFailed" : false,
  "beforeStages" : [ {
    "name" : "classB_start",
    "time" : {
      "start" : 1572059932573,
      "stop" : 1572059932573,
      "duration" : 0
    },
    "status" : "passed",
    "steps" : [ ],
    "attachments" : [ ],
    "parameters" : [ ],
    "stepsCount" : 0,
    "attachmentsCount" : 0,
    "shouldDisplayMessage" : false,
    "hasContent" : false
  }, {
    "name" : "module",
    "time" : {
      "start" : 1572059932494,
      "stop" : 1572059932494,
      "duration" : 0
    },
    "status" : "passed",
    "steps" : [ ],
    "attachments" : [ ],
    "parameters" : [ ],
    "stepsCount" : 0,
    "attachmentsCount" : 0,
    "shouldDisplayMessage" : false,
    "hasContent" : false
  } ],
  "testStage" : {
    "status" : "failed",
    "statusMessage" : "AssertionError: assert 12 == 5\n +  where 12 = add(10, 2)",
    "statusTrace" : "self = <Work.test_work2.TestB object at 0x104e76748>, module = None\nclassB_start = None, a = 10, b = 2, expected = 5\n\n    @pytest.mark.parametrize(\"a,b,expected\", json.load(open(\"calc.json\")))\n    def test_six(self, module, classB_start, a, b, expected):\n        # a = json.load(open(\"calc.json\"))\n        # print(a[\"login\"])\n        logging.info(\"This is test_six!!!\")\n>       assert add(a, b) == expected\nE       assert 12 == 5\nE        +  where 12 = add(10, 2)\n\ntest_work2.py:45: AssertionError",
    "steps" : [ ],
    "attachments" : [ {
      "uid" : "4a58fef46c5045f1",
      "name" : "log",
      "source" : "4a58fef46c5045f1.txt",
      "type" : "text/plain",
      "size" : 109
    }, {
      "uid" : "e88c816267773b4a",
      "name" : "stderr",
      "source" : "e88c816267773b4a.txt",
      "type" : "text/plain",
      "size" : 70
    } ],
    "parameters" : [ ],
    "stepsCount" : 0,
    "attachmentsCount" : 2,
    "shouldDisplayMessage" : true,
    "hasContent" : true
  },
  "afterStages" : [ ],
  "labels" : [ {
    "name" : "suite",
    "value" : "test_work2"
  }, {
    "name" : "subSuite",
    "value" : "TestB"
  }, {
    "name" : "host",
    "value" : "ParsondeMacBook-Pro.local"
  }, {
    "name" : "thread",
    "value" : "7295-MainThread"
  }, {
    "name" : "framework",
    "value" : "pytest"
  }, {
    "name" : "language",
    "value" : "cpython3"
  }, {
    "name" : "package",
    "value" : "test_work2"
  }, {
    "name" : "resultFormat",
    "value" : "allure2"
  } ],
  "parameters" : [ {
    "name" : "a",
    "value" : "10"
  }, {
    "name" : "b",
    "value" : "2"
  }, {
    "name" : "expected",
    "value" : "5"
  } ],
  "links" : [ ],
  "hidden" : false,
  "retry" : false,
  "extra" : {
    "severity" : "normal",
    "retries" : [ ],
    "categories" : [ {
      "name" : "Product defects",
      "matchedStatuses" : [ ],
      "flaky" : false
    } ],
    "tags" : [ ]
  },
  "source" : "220cca947c55e282.json",
  "parameterValues" : [ "10", "2", "5" ]
}