{
  "uid" : "662a37b087d77d70",
  "name" : "test_sub[9-9-18]",
  "fullName" : "test_params.TestParams#test_sub",
  "historyId" : "6b0def890cb6c9ae528044507ac6e7db",
  "time" : {
    "start" : 1572059932825,
    "stop" : 1572059932825,
    "duration" : 0
  },
  "description" : "减法计算",
  "descriptionHtml" : "<p>减法计算</p>\n",
  "status" : "failed",
  "statusMessage" : "AssertionError: Test Failed!!!\nassert 18 == 0",
  "statusTrace" : "self = <Work.test_params.TestParams object at 0x104e61128>, a = 9, b = 9\nexpected = 18\n\n    @allure.description(\"减法计算\")\n    @pytest.mark.parametrize(\"a,b,expected\", yaml.load(open(\"params.yaml\"))[\"Sub\"])\n    def test_sub(self, a, b, expected):\n        sum = sub(a, b)\n>       assert expected == sum, \"Test Failed!!!\"\nE       AssertionError: Test Failed!!!\nE       assert 18 == 0\n\ntest_params.py:57: AssertionError",
  "flaky" : false,
  "newFailed" : false,
  "beforeStages" : [ {
    "name" : "class_logging",
    "time" : {
      "start" : 1572059932718,
      "stop" : 1572059932718,
      "duration" : 0
    },
    "status" : "passed",
    "steps" : [ ],
    "attachments" : [ ],
    "parameters" : [ ],
    "stepsCount" : 0,
    "attachmentsCount" : 0,
    "shouldDisplayMessage" : false,
    "hasContent" : false
  }, {
    "name" : "method_logging",
    "time" : {
      "start" : 1572059932823,
      "stop" : 1572059932824,
      "duration" : 1
    },
    "status" : "passed",
    "steps" : [ ],
    "attachments" : [ ],
    "parameters" : [ ],
    "stepsCount" : 0,
    "attachmentsCount" : 0,
    "shouldDisplayMessage" : false,
    "hasContent" : false
  } ],
  "testStage" : {
    "description" : "减法计算",
    "status" : "failed",
    "statusMessage" : "AssertionError: Test Failed!!!\nassert 18 == 0",
    "statusTrace" : "self = <Work.test_params.TestParams object at 0x104e61128>, a = 9, b = 9\nexpected = 18\n\n    @allure.description(\"减法计算\")\n    @pytest.mark.parametrize(\"a,b,expected\", yaml.load(open(\"params.yaml\"))[\"Sub\"])\n    def test_sub(self, a, b, expected):\n        sum = sub(a, b)\n>       assert expected == sum, \"Test Failed!!!\"\nE       AssertionError: Test Failed!!!\nE       assert 18 == 0\n\ntest_params.py:57: AssertionError",
    "steps" : [ ],
    "attachments" : [ {
      "uid" : "8cbc9d196899b683",
      "name" : "log",
      "source" : "8cbc9d196899b683.txt",
      "type" : "text/plain",
      "size" : 97
    }, {
      "uid" : "b9416a98a5b37103",
      "name" : "stderr",
      "source" : "b9416a98a5b37103.txt",
      "type" : "text/plain",
      "size" : 54
    } ],
    "parameters" : [ ],
    "stepsCount" : 0,
    "attachmentsCount" : 2,
    "shouldDisplayMessage" : true,
    "hasContent" : true
  },
  "afterStages" : [ {
    "name" : "class_logging::0",
    "time" : {
      "start" : 1572059932961,
      "stop" : 1572059932961,
      "duration" : 0
    },
    "status" : "passed",
    "steps" : [ ],
    "attachments" : [ ],
    "parameters" : [ ],
    "stepsCount" : 0,
    "attachmentsCount" : 0,
    "shouldDisplayMessage" : false,
    "hasContent" : false
  }, {
    "name" : "method_logging::0",
    "time" : {
      "start" : 1572059932834,
      "stop" : 1572059932834,
      "duration" : 0
    },
    "status" : "passed",
    "steps" : [ ],
    "attachments" : [ ],
    "parameters" : [ ],
    "stepsCount" : 0,
    "attachmentsCount" : 0,
    "shouldDisplayMessage" : false,
    "hasContent" : false
  } ],
  "labels" : [ {
    "name" : "suite",
    "value" : "test_params"
  }, {
    "name" : "subSuite",
    "value" : "TestParams"
  }, {
    "name" : "host",
    "value" : "ParsondeMacBook-Pro.local"
  }, {
    "name" : "thread",
    "value" : "7295-MainThread"
  }, {
    "name" : "framework",
    "value" : "pytest"
  }, {
    "name" : "language",
    "value" : "cpython3"
  }, {
    "name" : "package",
    "value" : "test_params"
  }, {
    "name" : "resultFormat",
    "value" : "allure2"
  } ],
  "parameters" : [ {
    "name" : "a",
    "value" : "9"
  }, {
    "name" : "b",
    "value" : "9"
  }, {
    "name" : "expected",
    "value" : "18"
  } ],
  "links" : [ ],
  "hidden" : false,
  "retry" : false,
  "extra" : {
    "severity" : "normal",
    "retries" : [ ],
    "categories" : [ {
      "name" : "Product defects",
      "matchedStatuses" : [ ],
      "flaky" : false
    } ],
    "tags" : [ ]
  },
  "source" : "662a37b087d77d70.json",
  "parameterValues" : [ "9", "9", "18" ]
}