{
  "uid" : "8696718956707819",
  "name" : "test_six[10-2-5]",
  "fullName" : "test_work.TestB#test_six",
  "historyId" : "e093b09795bebea712eddc35eadbcb50",
  "time" : {
    "start" : 1572059932682,
    "stop" : 1572059932682,
    "duration" : 0
  },
  "status" : "failed",
  "statusMessage" : "AssertionError: assert 12 == 5\n +  where 12 = add(10, 2)",
  "statusTrace" : "self = <Work.test_work.TestB object at 0x104e6cf60>, a = 10, b = 2, expected = 5\n\n    @pytest.mark.parametrize(\"a,b,expected\", json.load(open(\"calc.json\")))\n    def test_six(self, a, b, expected):\n        logging.info(\"This is test_six!!!\")\n>       assert add(a, b) == expected\nE       assert 12 == 5\nE        +  where 12 = add(10, 2)\n\ntest_work.py:58: AssertionError",
  "flaky" : false,
  "newFailed" : false,
  "beforeStages" : [ {
    "name" : "_Class__pytest_setup_method",
    "time" : {
      "start" : 1572059932678,
      "stop" : 1572059932679,
      "duration" : 1
    },
    "status" : "passed",
    "steps" : [ ],
    "attachments" : [ ],
    "parameters" : [ ],
    "stepsCount" : 0,
    "attachmentsCount" : 0,
    "shouldDisplayMessage" : false,
    "hasContent" : false
  }, {
    "name" : "_Module__pytest_setup_module",
    "time" : {
      "start" : 1572059932602,
      "stop" : 1572059932602,
      "duration" : 0
    },
    "status" : "passed",
    "steps" : [ ],
    "attachments" : [ ],
    "parameters" : [ ],
    "stepsCount" : 0,
    "attachmentsCount" : 0,
    "shouldDisplayMessage" : false,
    "hasContent" : false
  } ],
  "testStage" : {
    "status" : "failed",
    "statusMessage" : "AssertionError: assert 12 == 5\n +  where 12 = add(10, 2)",
    "statusTrace" : "self = <Work.test_work.TestB object at 0x104e6cf60>, a = 10, b = 2, expected = 5\n\n    @pytest.mark.parametrize(\"a,b,expected\", json.load(open(\"calc.json\")))\n    def test_six(self, a, b, expected):\n        logging.info(\"This is test_six!!!\")\n>       assert add(a, b) == expected\nE       assert 12 == 5\nE        +  where 12 = add(10, 2)\n\ntest_work.py:58: AssertionError",
    "steps" : [ ],
    "attachments" : [ {
      "uid" : "13d8c52b9067c694",
      "name" : "log",
      "source" : "13d8c52b9067c694.txt",
      "type" : "text/plain",
      "size" : 88
    }, {
      "uid" : "cfa5d664771e342c",
      "name" : "stderr",
      "source" : "cfa5d664771e342c.txt",
      "type" : "text/plain",
      "size" : 49
    } ],
    "parameters" : [ ],
    "stepsCount" : 0,
    "attachmentsCount" : 2,
    "shouldDisplayMessage" : true,
    "hasContent" : true
  },
  "afterStages" : [ {
    "name" : "_Class__pytest_setup_method::0",
    "time" : {
      "start" : 1572059932692,
      "stop" : 1572059932692,
      "duration" : 0
    },
    "status" : "passed",
    "steps" : [ ],
    "attachments" : [ ],
    "parameters" : [ ],
    "stepsCount" : 0,
    "attachmentsCount" : 0,
    "shouldDisplayMessage" : false,
    "hasContent" : false
  }, {
    "name" : "_Module__pytest_setup_module::0",
    "time" : {
      "start" : 1572059932715,
      "stop" : 1572059932715,
      "duration" : 0
    },
    "status" : "passed",
    "steps" : [ ],
    "attachments" : [ ],
    "parameters" : [ ],
    "stepsCount" : 0,
    "attachmentsCount" : 0,
    "shouldDisplayMessage" : false,
    "hasContent" : false
  } ],
  "labels" : [ {
    "name" : "suite",
    "value" : "test_work"
  }, {
    "name" : "subSuite",
    "value" : "TestB"
  }, {
    "name" : "host",
    "value" : "ParsondeMacBook-Pro.local"
  }, {
    "name" : "thread",
    "value" : "7295-MainThread"
  }, {
    "name" : "framework",
    "value" : "pytest"
  }, {
    "name" : "language",
    "value" : "cpython3"
  }, {
    "name" : "package",
    "value" : "test_work"
  }, {
    "name" : "resultFormat",
    "value" : "allure2"
  } ],
  "parameters" : [ {
    "name" : "a",
    "value" : "10"
  }, {
    "name" : "b",
    "value" : "2"
  }, {
    "name" : "expected",
    "value" : "5"
  } ],
  "links" : [ ],
  "hidden" : false,
  "retry" : false,
  "extra" : {
    "severity" : "normal",
    "retries" : [ ],
    "categories" : [ {
      "name" : "Product defects",
      "matchedStatuses" : [ ],
      "flaky" : false
    } ],
    "tags" : [ ]
  },
  "source" : "8696718956707819.json",
  "parameterValues" : [ "10", "2", "5" ]
}