{
  "uid" : "a22ecd8b2033577d",
  "name" : "test_sub[9-6-15]",
  "fullName" : "test_params.TestParams#test_sub",
  "historyId" : "32e388f8acdf06f52a7d579344538255",
  "time" : {
    "start" : 1572059932795,
    "stop" : 1572059932796,
    "duration" : 1
  },
  "description" : "减法计算",
  "descriptionHtml" : "<p>减法计算</p>\n",
  "status" : "failed",
  "statusMessage" : "AssertionError: Test Failed!!!\nassert 15 == 3",
  "statusTrace" : "self = <Work.test_params.TestParams object at 0x104e766a0>, a = 9, b = 6\nexpected = 15\n\n    @allure.description(\"减法计算\")\n    @pytest.mark.parametrize(\"a,b,expected\", yaml.load(open(\"params.yaml\"))[\"Sub\"])\n    def test_sub(self, a, b, expected):\n        sum = sub(a, b)\n>       assert expected == sum, \"Test Failed!!!\"\nE       AssertionError: Test Failed!!!\nE       assert 15 == 3\n\ntest_params.py:57: AssertionError",
  "flaky" : false,
  "newFailed" : false,
  "beforeStages" : [ {
    "name" : "class_logging",
    "time" : {
      "start" : 1572059932718,
      "stop" : 1572059932718,
      "duration" : 0
    },
    "status" : "passed",
    "steps" : [ ],
    "attachments" : [ ],
    "parameters" : [ ],
    "stepsCount" : 0,
    "attachmentsCount" : 0,
    "shouldDisplayMessage" : false,
    "hasContent" : false
  }, {
    "name" : "method_logging",
    "time" : {
      "start" : 1572059932793,
      "stop" : 1572059932793,
      "duration" : 0
    },
    "status" : "passed",
    "steps" : [ ],
    "attachments" : [ ],
    "parameters" : [ ],
    "stepsCount" : 0,
    "attachmentsCount" : 0,
    "shouldDisplayMessage" : false,
    "hasContent" : false
  } ],
  "testStage" : {
    "description" : "减法计算",
    "status" : "failed",
    "statusMessage" : "AssertionError: Test Failed!!!\nassert 15 == 3",
    "statusTrace" : "self = <Work.test_params.TestParams object at 0x104e766a0>, a = 9, b = 6\nexpected = 15\n\n    @allure.description(\"减法计算\")\n    @pytest.mark.parametrize(\"a,b,expected\", yaml.load(open(\"params.yaml\"))[\"Sub\"])\n    def test_sub(self, a, b, expected):\n        sum = sub(a, b)\n>       assert expected == sum, \"Test Failed!!!\"\nE       AssertionError: Test Failed!!!\nE       assert 15 == 3\n\ntest_params.py:57: AssertionError",
    "steps" : [ ],
    "attachments" : [ {
      "uid" : "438c829d772e8760",
      "name" : "log",
      "source" : "438c829d772e8760.txt",
      "type" : "text/plain",
      "size" : 97
    }, {
      "uid" : "92a52718f7e38dbe",
      "name" : "stderr",
      "source" : "92a52718f7e38dbe.txt",
      "type" : "text/plain",
      "size" : 54
    } ],
    "parameters" : [ ],
    "stepsCount" : 0,
    "attachmentsCount" : 2,
    "shouldDisplayMessage" : true,
    "hasContent" : true
  },
  "afterStages" : [ {
    "name" : "class_logging::0",
    "time" : {
      "start" : 1572059932961,
      "stop" : 1572059932961,
      "duration" : 0
    },
    "status" : "passed",
    "steps" : [ ],
    "attachments" : [ ],
    "parameters" : [ ],
    "stepsCount" : 0,
    "attachmentsCount" : 0,
    "shouldDisplayMessage" : false,
    "hasContent" : false
  }, {
    "name" : "method_logging::0",
    "time" : {
      "start" : 1572059932808,
      "stop" : 1572059932808,
      "duration" : 0
    },
    "status" : "passed",
    "steps" : [ ],
    "attachments" : [ ],
    "parameters" : [ ],
    "stepsCount" : 0,
    "attachmentsCount" : 0,
    "shouldDisplayMessage" : false,
    "hasContent" : false
  } ],
  "labels" : [ {
    "name" : "suite",
    "value" : "test_params"
  }, {
    "name" : "subSuite",
    "value" : "TestParams"
  }, {
    "name" : "host",
    "value" : "ParsondeMacBook-Pro.local"
  }, {
    "name" : "thread",
    "value" : "7295-MainThread"
  }, {
    "name" : "framework",
    "value" : "pytest"
  }, {
    "name" : "language",
    "value" : "cpython3"
  }, {
    "name" : "package",
    "value" : "test_params"
  }, {
    "name" : "resultFormat",
    "value" : "allure2"
  } ],
  "parameters" : [ {
    "name" : "a",
    "value" : "9"
  }, {
    "name" : "b",
    "value" : "6"
  }, {
    "name" : "expected",
    "value" : "15"
  } ],
  "links" : [ ],
  "hidden" : false,
  "retry" : false,
  "extra" : {
    "severity" : "normal",
    "retries" : [ ],
    "categories" : [ {
      "name" : "Product defects",
      "matchedStatuses" : [ ],
      "flaky" : false
    } ],
    "tags" : [ ]
  },
  "source" : "a22ecd8b2033577d.json",
  "parameterValues" : [ "9", "6", "15" ]
}