{
  "uid" : "c1177ffd73191d33",
  "name" : "test_mul[9-6-15]",
  "fullName" : "test_params.TestParams#test_mul",
  "historyId" : "5147a9713d2dc0e7bb5e2bdfd74bd868",
  "time" : {
    "start" : 1572059932865,
    "stop" : 1572059932865,
    "duration" : 0
  },
  "description" : "乘法计算",
  "descriptionHtml" : "<p>乘法计算</p>\n",
  "status" : "failed",
  "statusMessage" : "AssertionError: Test Failed!!!\nassert 15 == 54",
  "statusTrace" : "self = <Work.test_params.TestParams object at 0x104ea2cc0>, a = 9, b = 6\nexpected = 15\n\n    @allure.description(\"乘法计算\")\n    @pytest.mark.parametrize(\"a,b,expected\", yaml.load(open(\"params.yaml\"))[\"Mul\"])\n    def test_mul(self, a, b, expected):\n        sum = mul(a, b)\n>       assert expected == sum, \"Test Failed!!!\"\nE       AssertionError: Test Failed!!!\nE       assert 15 == 54\n\ntest_params.py:63: AssertionError",
  "flaky" : false,
  "newFailed" : false,
  "beforeStages" : [ {
    "name" : "method_logging",
    "time" : {
      "start" : 1572059932861,
      "stop" : 1572059932862,
      "duration" : 1
    },
    "status" : "passed",
    "steps" : [ ],
    "attachments" : [ ],
    "parameters" : [ ],
    "stepsCount" : 0,
    "attachmentsCount" : 0,
    "shouldDisplayMessage" : false,
    "hasContent" : false
  }, {
    "name" : "class_logging",
    "time" : {
      "start" : 1572059932718,
      "stop" : 1572059932718,
      "duration" : 0
    },
    "status" : "passed",
    "steps" : [ ],
    "attachments" : [ ],
    "parameters" : [ ],
    "stepsCount" : 0,
    "attachmentsCount" : 0,
    "shouldDisplayMessage" : false,
    "hasContent" : false
  } ],
  "testStage" : {
    "description" : "乘法计算",
    "status" : "failed",
    "statusMessage" : "AssertionError: Test Failed!!!\nassert 15 == 54",
    "statusTrace" : "self = <Work.test_params.TestParams object at 0x104ea2cc0>, a = 9, b = 6\nexpected = 15\n\n    @allure.description(\"乘法计算\")\n    @pytest.mark.parametrize(\"a,b,expected\", yaml.load(open(\"params.yaml\"))[\"Mul\"])\n    def test_mul(self, a, b, expected):\n        sum = mul(a, b)\n>       assert expected == sum, \"Test Failed!!!\"\nE       AssertionError: Test Failed!!!\nE       assert 15 == 54\n\ntest_params.py:63: AssertionError",
    "steps" : [ ],
    "attachments" : [ {
      "uid" : "af0205fb9183be2f",
      "name" : "log",
      "source" : "af0205fb9183be2f.txt",
      "type" : "text/plain",
      "size" : 97
    }, {
      "uid" : "c3100ef15d1cb2bf",
      "name" : "stderr",
      "source" : "c3100ef15d1cb2bf.txt",
      "type" : "text/plain",
      "size" : 54
    } ],
    "parameters" : [ ],
    "stepsCount" : 0,
    "attachmentsCount" : 2,
    "shouldDisplayMessage" : true,
    "hasContent" : true
  },
  "afterStages" : [ {
    "name" : "method_logging::0",
    "time" : {
      "start" : 1572059932872,
      "stop" : 1572059932873,
      "duration" : 1
    },
    "status" : "passed",
    "steps" : [ ],
    "attachments" : [ ],
    "parameters" : [ ],
    "stepsCount" : 0,
    "attachmentsCount" : 0,
    "shouldDisplayMessage" : false,
    "hasContent" : false
  }, {
    "name" : "class_logging::0",
    "time" : {
      "start" : 1572059932961,
      "stop" : 1572059932961,
      "duration" : 0
    },
    "status" : "passed",
    "steps" : [ ],
    "attachments" : [ ],
    "parameters" : [ ],
    "stepsCount" : 0,
    "attachmentsCount" : 0,
    "shouldDisplayMessage" : false,
    "hasContent" : false
  } ],
  "labels" : [ {
    "name" : "suite",
    "value" : "test_params"
  }, {
    "name" : "subSuite",
    "value" : "TestParams"
  }, {
    "name" : "host",
    "value" : "ParsondeMacBook-Pro.local"
  }, {
    "name" : "thread",
    "value" : "7295-MainThread"
  }, {
    "name" : "framework",
    "value" : "pytest"
  }, {
    "name" : "language",
    "value" : "cpython3"
  }, {
    "name" : "package",
    "value" : "test_params"
  }, {
    "name" : "resultFormat",
    "value" : "allure2"
  } ],
  "parameters" : [ {
    "name" : "a",
    "value" : "9"
  }, {
    "name" : "b",
    "value" : "6"
  }, {
    "name" : "expected",
    "value" : "15"
  } ],
  "links" : [ ],
  "hidden" : false,
  "retry" : false,
  "extra" : {
    "severity" : "normal",
    "retries" : [ ],
    "categories" : [ {
      "name" : "Product defects",
      "matchedStatuses" : [ ],
      "flaky" : false
    } ],
    "tags" : [ ]
  },
  "source" : "c1177ffd73191d33.json",
  "parameterValues" : [ "9", "6", "15" ]
}