{
  "uid" : "ce3761ccc33f9e22",
  "name" : "test_div[6-9-13]",
  "fullName" : "test_params.TestParams#test_div",
  "historyId" : "03ecdd0bf7d33869c017ec76ee5de413",
  "time" : {
    "start" : 1572059932940,
    "stop" : 1572059932941,
    "duration" : 1
  },
  "description" : "除法计算",
  "descriptionHtml" : "<p>除法计算</p>\n",
  "status" : "failed",
  "statusMessage" : "AssertionError: Test Failed!!!\nassert 13 == 0.6666666666666666",
  "statusTrace" : "self = <Work.test_params.TestParams object at 0x104ea2c88>, a = 6, b = 9\nexpected = 13\n\n    @allure.description(\"除法计算\")\n    @pytest.mark.parametrize(\"a,b,expected\", json.load(open(\"calc.json\")))\n    def test_div(self, a, b, expected):\n        sum = div(a, b)\n>       assert expected == sum, \"Test Failed!!!\"\nE       AssertionError: Test Failed!!!\nE       assert 13 == 0.6666666666666666\n\ntest_params.py:69: AssertionError",
  "flaky" : false,
  "newFailed" : false,
  "beforeStages" : [ {
    "name" : "method_logging",
    "time" : {
      "start" : 1572059932939,
      "stop" : 1572059932940,
      "duration" : 1
    },
    "status" : "passed",
    "steps" : [ ],
    "attachments" : [ ],
    "parameters" : [ ],
    "stepsCount" : 0,
    "attachmentsCount" : 0,
    "shouldDisplayMessage" : false,
    "hasContent" : false
  }, {
    "name" : "class_logging",
    "time" : {
      "start" : 1572059932718,
      "stop" : 1572059932718,
      "duration" : 0
    },
    "status" : "passed",
    "steps" : [ ],
    "attachments" : [ ],
    "parameters" : [ ],
    "stepsCount" : 0,
    "attachmentsCount" : 0,
    "shouldDisplayMessage" : false,
    "hasContent" : false
  } ],
  "testStage" : {
    "description" : "除法计算",
    "status" : "failed",
    "statusMessage" : "AssertionError: Test Failed!!!\nassert 13 == 0.6666666666666666",
    "statusTrace" : "self = <Work.test_params.TestParams object at 0x104ea2c88>, a = 6, b = 9\nexpected = 13\n\n    @allure.description(\"除法计算\")\n    @pytest.mark.parametrize(\"a,b,expected\", json.load(open(\"calc.json\")))\n    def test_div(self, a, b, expected):\n        sum = div(a, b)\n>       assert expected == sum, \"Test Failed!!!\"\nE       AssertionError: Test Failed!!!\nE       assert 13 == 0.6666666666666666\n\ntest_params.py:69: AssertionError",
    "steps" : [ ],
    "attachments" : [ {
      "uid" : "d5ad1583049050e8",
      "name" : "log",
      "source" : "d5ad1583049050e8.txt",
      "type" : "text/plain",
      "size" : 97
    }, {
      "uid" : "3e58f1118a8901fc",
      "name" : "stderr",
      "source" : "3e58f1118a8901fc.txt",
      "type" : "text/plain",
      "size" : 54
    } ],
    "parameters" : [ ],
    "stepsCount" : 0,
    "attachmentsCount" : 2,
    "shouldDisplayMessage" : true,
    "hasContent" : true
  },
  "afterStages" : [ {
    "name" : "method_logging::0",
    "time" : {
      "start" : 1572059932947,
      "stop" : 1572059932948,
      "duration" : 1
    },
    "status" : "passed",
    "steps" : [ ],
    "attachments" : [ ],
    "parameters" : [ ],
    "stepsCount" : 0,
    "attachmentsCount" : 0,
    "shouldDisplayMessage" : false,
    "hasContent" : false
  }, {
    "name" : "class_logging::0",
    "time" : {
      "start" : 1572059932961,
      "stop" : 1572059932961,
      "duration" : 0
    },
    "status" : "passed",
    "steps" : [ ],
    "attachments" : [ ],
    "parameters" : [ ],
    "stepsCount" : 0,
    "attachmentsCount" : 0,
    "shouldDisplayMessage" : false,
    "hasContent" : false
  } ],
  "labels" : [ {
    "name" : "suite",
    "value" : "test_params"
  }, {
    "name" : "subSuite",
    "value" : "TestParams"
  }, {
    "name" : "host",
    "value" : "ParsondeMacBook-Pro.local"
  }, {
    "name" : "thread",
    "value" : "7295-MainThread"
  }, {
    "name" : "framework",
    "value" : "pytest"
  }, {
    "name" : "language",
    "value" : "cpython3"
  }, {
    "name" : "package",
    "value" : "test_params"
  }, {
    "name" : "resultFormat",
    "value" : "allure2"
  } ],
  "parameters" : [ {
    "name" : "a",
    "value" : "6"
  }, {
    "name" : "b",
    "value" : "9"
  }, {
    "name" : "expected",
    "value" : "13"
  } ],
  "links" : [ ],
  "hidden" : false,
  "retry" : false,
  "extra" : {
    "severity" : "normal",
    "retries" : [ ],
    "categories" : [ {
      "name" : "Product defects",
      "matchedStatuses" : [ ],
      "flaky" : false
    } ],
    "tags" : [ ]
  },
  "source" : "ce3761ccc33f9e22.json",
  "parameterValues" : [ "6", "9", "13" ]
}