{
  "uid" : "d15ab8c865f207ad",
  "name" : "test_six[30-5-6]",
  "fullName" : "test_work2.TestB#test_six",
  "historyId" : "f705f0da69ea3fd522db0cdf7598df1d",
  "time" : {
    "start" : 1572059932588,
    "stop" : 1572059932589,
    "duration" : 1
  },
  "status" : "failed",
  "statusMessage" : "AssertionError: assert 35 == 6\n +  where 35 = add(30, 5)",
  "statusTrace" : "self = <Work.test_work2.TestB object at 0x105f7dcf8>, module = None\nclassB_start = None, a = 30, b = 5, expected = 6\n\n    @pytest.mark.parametrize(\"a,b,expected\", json.load(open(\"calc.json\")))\n    def test_six(self, module, classB_start, a, b, expected):\n        # a = json.load(open(\"calc.json\"))\n        # print(a[\"login\"])\n        logging.info(\"This is test_six!!!\")\n>       assert add(a, b) == expected\nE       assert 35 == 6\nE        +  where 35 = add(30, 5)\n\ntest_work2.py:45: AssertionError",
  "flaky" : false,
  "newFailed" : false,
  "beforeStages" : [ {
    "name" : "module",
    "time" : {
      "start" : 1572059932494,
      "stop" : 1572059932494,
      "duration" : 0
    },
    "status" : "passed",
    "steps" : [ ],
    "attachments" : [ ],
    "parameters" : [ ],
    "stepsCount" : 0,
    "attachmentsCount" : 0,
    "shouldDisplayMessage" : false,
    "hasContent" : false
  }, {
    "name" : "classB_start",
    "time" : {
      "start" : 1572059932587,
      "stop" : 1572059932587,
      "duration" : 0
    },
    "status" : "passed",
    "steps" : [ ],
    "attachments" : [ ],
    "parameters" : [ ],
    "stepsCount" : 0,
    "attachmentsCount" : 0,
    "shouldDisplayMessage" : false,
    "hasContent" : false
  } ],
  "testStage" : {
    "status" : "failed",
    "statusMessage" : "AssertionError: assert 35 == 6\n +  where 35 = add(30, 5)",
    "statusTrace" : "self = <Work.test_work2.TestB object at 0x105f7dcf8>, module = None\nclassB_start = None, a = 30, b = 5, expected = 6\n\n    @pytest.mark.parametrize(\"a,b,expected\", json.load(open(\"calc.json\")))\n    def test_six(self, module, classB_start, a, b, expected):\n        # a = json.load(open(\"calc.json\"))\n        # print(a[\"login\"])\n        logging.info(\"This is test_six!!!\")\n>       assert add(a, b) == expected\nE       assert 35 == 6\nE        +  where 35 = add(30, 5)\n\ntest_work2.py:45: AssertionError",
    "steps" : [ ],
    "attachments" : [ {
      "uid" : "7a96f61e8f21fef9",
      "name" : "log",
      "source" : "7a96f61e8f21fef9.txt",
      "type" : "text/plain",
      "size" : 109
    }, {
      "uid" : "112a613e9a83875e",
      "name" : "stderr",
      "source" : "112a613e9a83875e.txt",
      "type" : "text/plain",
      "size" : 70
    } ],
    "parameters" : [ ],
    "stepsCount" : 0,
    "attachmentsCount" : 2,
    "shouldDisplayMessage" : true,
    "hasContent" : true
  },
  "afterStages" : [ ],
  "labels" : [ {
    "name" : "suite",
    "value" : "test_work2"
  }, {
    "name" : "subSuite",
    "value" : "TestB"
  }, {
    "name" : "host",
    "value" : "ParsondeMacBook-Pro.local"
  }, {
    "name" : "thread",
    "value" : "7295-MainThread"
  }, {
    "name" : "framework",
    "value" : "pytest"
  }, {
    "name" : "language",
    "value" : "cpython3"
  }, {
    "name" : "package",
    "value" : "test_work2"
  }, {
    "name" : "resultFormat",
    "value" : "allure2"
  } ],
  "parameters" : [ {
    "name" : "a",
    "value" : "30"
  }, {
    "name" : "b",
    "value" : "5"
  }, {
    "name" : "expected",
    "value" : "6"
  } ],
  "links" : [ ],
  "hidden" : false,
  "retry" : false,
  "extra" : {
    "severity" : "normal",
    "retries" : [ ],
    "categories" : [ {
      "name" : "Product defects",
      "matchedStatuses" : [ ],
      "flaky" : false
    } ],
    "tags" : [ ]
  },
  "source" : "d15ab8c865f207ad.json",
  "parameterValues" : [ "30", "5", "6" ]
}