{
  "uid" : "dec7df5132b8b179",
  "name" : "test_mul[9-9-18]",
  "fullName" : "test_params.TestParams#test_mul",
  "historyId" : "24f0bcbfa2214d9c81cdb9bafcdd0eb7",
  "time" : {
    "start" : 1572059932893,
    "stop" : 1572059932893,
    "duration" : 0
  },
  "description" : "乘法计算",
  "descriptionHtml" : "<p>乘法计算</p>\n",
  "status" : "failed",
  "statusMessage" : "AssertionError: Test Failed!!!\nassert 18 == 81",
  "statusTrace" : "self = <Work.test_params.TestParams object at 0x104e6cc50>, a = 9, b = 9\nexpected = 18\n\n    @allure.description(\"乘法计算\")\n    @pytest.mark.parametrize(\"a,b,expected\", yaml.load(open(\"params.yaml\"))[\"Mul\"])\n    def test_mul(self, a, b, expected):\n        sum = mul(a, b)\n>       assert expected == sum, \"Test Failed!!!\"\nE       AssertionError: Test Failed!!!\nE       assert 18 == 81\n\ntest_params.py:63: AssertionError",
  "flaky" : false,
  "newFailed" : false,
  "beforeStages" : [ {
    "name" : "method_logging",
    "time" : {
      "start" : 1572059932890,
      "stop" : 1572059932890,
      "duration" : 0
    },
    "status" : "passed",
    "steps" : [ ],
    "attachments" : [ ],
    "parameters" : [ ],
    "stepsCount" : 0,
    "attachmentsCount" : 0,
    "shouldDisplayMessage" : false,
    "hasContent" : false
  }, {
    "name" : "class_logging",
    "time" : {
      "start" : 1572059932718,
      "stop" : 1572059932718,
      "duration" : 0
    },
    "status" : "passed",
    "steps" : [ ],
    "attachments" : [ ],
    "parameters" : [ ],
    "stepsCount" : 0,
    "attachmentsCount" : 0,
    "shouldDisplayMessage" : false,
    "hasContent" : false
  } ],
  "testStage" : {
    "description" : "乘法计算",
    "status" : "failed",
    "statusMessage" : "AssertionError: Test Failed!!!\nassert 18 == 81",
    "statusTrace" : "self = <Work.test_params.TestParams object at 0x104e6cc50>, a = 9, b = 9\nexpected = 18\n\n    @allure.description(\"乘法计算\")\n    @pytest.mark.parametrize(\"a,b,expected\", yaml.load(open(\"params.yaml\"))[\"Mul\"])\n    def test_mul(self, a, b, expected):\n        sum = mul(a, b)\n>       assert expected == sum, \"Test Failed!!!\"\nE       AssertionError: Test Failed!!!\nE       assert 18 == 81\n\ntest_params.py:63: AssertionError",
    "steps" : [ ],
    "attachments" : [ {
      "uid" : "1d9660c3a46321c6",
      "name" : "log",
      "source" : "1d9660c3a46321c6.txt",
      "type" : "text/plain",
      "size" : 97
    }, {
      "uid" : "8487a9f4508971c7",
      "name" : "stderr",
      "source" : "8487a9f4508971c7.txt",
      "type" : "text/plain",
      "size" : 54
    } ],
    "parameters" : [ ],
    "stepsCount" : 0,
    "attachmentsCount" : 2,
    "shouldDisplayMessage" : true,
    "hasContent" : true
  },
  "afterStages" : [ {
    "name" : "method_logging::0",
    "time" : {
      "start" : 1572059932901,
      "stop" : 1572059932901,
      "duration" : 0
    },
    "status" : "passed",
    "steps" : [ ],
    "attachments" : [ ],
    "parameters" : [ ],
    "stepsCount" : 0,
    "attachmentsCount" : 0,
    "shouldDisplayMessage" : false,
    "hasContent" : false
  }, {
    "name" : "class_logging::0",
    "time" : {
      "start" : 1572059932961,
      "stop" : 1572059932961,
      "duration" : 0
    },
    "status" : "passed",
    "steps" : [ ],
    "attachments" : [ ],
    "parameters" : [ ],
    "stepsCount" : 0,
    "attachmentsCount" : 0,
    "shouldDisplayMessage" : false,
    "hasContent" : false
  } ],
  "labels" : [ {
    "name" : "suite",
    "value" : "test_params"
  }, {
    "name" : "subSuite",
    "value" : "TestParams"
  }, {
    "name" : "host",
    "value" : "ParsondeMacBook-Pro.local"
  }, {
    "name" : "thread",
    "value" : "7295-MainThread"
  }, {
    "name" : "framework",
    "value" : "pytest"
  }, {
    "name" : "language",
    "value" : "cpython3"
  }, {
    "name" : "package",
    "value" : "test_params"
  }, {
    "name" : "resultFormat",
    "value" : "allure2"
  } ],
  "parameters" : [ {
    "name" : "a",
    "value" : "9"
  }, {
    "name" : "b",
    "value" : "9"
  }, {
    "name" : "expected",
    "value" : "18"
  } ],
  "links" : [ ],
  "hidden" : false,
  "retry" : false,
  "extra" : {
    "severity" : "normal",
    "retries" : [ ],
    "categories" : [ {
      "name" : "Product defects",
      "matchedStatuses" : [ ],
      "flaky" : false
    } ],
    "tags" : [ ]
  },
  "source" : "dec7df5132b8b179.json",
  "parameterValues" : [ "9", "9", "18" ]
}