{
  "uid" : "fcefd66e60021f4a",
  "name" : "test_six[6-9-13]",
  "fullName" : "test_work.TestB#test_six",
  "historyId" : "fe82b554876d75cd5a307d34c53dd79f",
  "time" : {
    "start" : 1572059932670,
    "stop" : 1572059932670,
    "duration" : 0
  },
  "status" : "failed",
  "statusMessage" : "AssertionError: assert 15 == 13\n +  where 15 = add(6, 9)",
  "statusTrace" : "self = <Work.test_work.TestB object at 0x104e5c860>, a = 6, b = 9, expected = 13\n\n    @pytest.mark.parametrize(\"a,b,expected\", json.load(open(\"calc.json\")))\n    def test_six(self, a, b, expected):\n        logging.info(\"This is test_six!!!\")\n>       assert add(a, b) == expected\nE       assert 15 == 13\nE        +  where 15 = add(6, 9)\n\ntest_work.py:58: AssertionError",
  "flaky" : false,
  "newFailed" : false,
  "beforeStages" : [ {
    "name" : "_Module__pytest_setup_module",
    "time" : {
      "start" : 1572059932602,
      "stop" : 1572059932602,
      "duration" : 0
    },
    "status" : "passed",
    "steps" : [ ],
    "attachments" : [ ],
    "parameters" : [ ],
    "stepsCount" : 0,
    "attachmentsCount" : 0,
    "shouldDisplayMessage" : false,
    "hasContent" : false
  }, {
    "name" : "_Class__pytest_setup_method",
    "time" : {
      "start" : 1572059932667,
      "stop" : 1572059932667,
      "duration" : 0
    },
    "status" : "passed",
    "steps" : [ ],
    "attachments" : [ ],
    "parameters" : [ ],
    "stepsCount" : 0,
    "attachmentsCount" : 0,
    "shouldDisplayMessage" : false,
    "hasContent" : false
  } ],
  "testStage" : {
    "status" : "failed",
    "statusMessage" : "AssertionError: assert 15 == 13\n +  where 15 = add(6, 9)",
    "statusTrace" : "self = <Work.test_work.TestB object at 0x104e5c860>, a = 6, b = 9, expected = 13\n\n    @pytest.mark.parametrize(\"a,b,expected\", json.load(open(\"calc.json\")))\n    def test_six(self, a, b, expected):\n        logging.info(\"This is test_six!!!\")\n>       assert add(a, b) == expected\nE       assert 15 == 13\nE        +  where 15 = add(6, 9)\n\ntest_work.py:58: AssertionError",
    "steps" : [ ],
    "attachments" : [ {
      "uid" : "32703508830add7d",
      "name" : "log",
      "source" : "32703508830add7d.txt",
      "type" : "text/plain",
      "size" : 88
    }, {
      "uid" : "1d8b2e14798bc78d",
      "name" : "stderr",
      "source" : "1d8b2e14798bc78d.txt",
      "type" : "text/plain",
      "size" : 49
    } ],
    "parameters" : [ ],
    "stepsCount" : 0,
    "attachmentsCount" : 2,
    "shouldDisplayMessage" : true,
    "hasContent" : true
  },
  "afterStages" : [ {
    "name" : "_Module__pytest_setup_module::0",
    "time" : {
      "start" : 1572059932715,
      "stop" : 1572059932715,
      "duration" : 0
    },
    "status" : "passed",
    "steps" : [ ],
    "attachments" : [ ],
    "parameters" : [ ],
    "stepsCount" : 0,
    "attachmentsCount" : 0,
    "shouldDisplayMessage" : false,
    "hasContent" : false
  }, {
    "name" : "_Class__pytest_setup_method::0",
    "time" : {
      "start" : 1572059932674,
      "stop" : 1572059932675,
      "duration" : 1
    },
    "status" : "passed",
    "steps" : [ ],
    "attachments" : [ ],
    "parameters" : [ ],
    "stepsCount" : 0,
    "attachmentsCount" : 0,
    "shouldDisplayMessage" : false,
    "hasContent" : false
  } ],
  "labels" : [ {
    "name" : "suite",
    "value" : "test_work"
  }, {
    "name" : "subSuite",
    "value" : "TestB"
  }, {
    "name" : "host",
    "value" : "ParsondeMacBook-Pro.local"
  }, {
    "name" : "thread",
    "value" : "7295-MainThread"
  }, {
    "name" : "framework",
    "value" : "pytest"
  }, {
    "name" : "language",
    "value" : "cpython3"
  }, {
    "name" : "package",
    "value" : "test_work"
  }, {
    "name" : "resultFormat",
    "value" : "allure2"
  } ],
  "parameters" : [ {
    "name" : "a",
    "value" : "6"
  }, {
    "name" : "b",
    "value" : "9"
  }, {
    "name" : "expected",
    "value" : "13"
  } ],
  "links" : [ ],
  "hidden" : false,
  "retry" : false,
  "extra" : {
    "severity" : "normal",
    "retries" : [ ],
    "categories" : [ {
      "name" : "Product defects",
      "matchedStatuses" : [ ],
      "flaky" : false
    } ],
    "tags" : [ ]
  },
  "source" : "fcefd66e60021f4a.json",
  "parameterValues" : [ "6", "9", "13" ]
}