{
  "uid" : "3bd459a29a9df3a0",
  "name" : "test_five",
  "fullName" : "test_work.TestB#test_five",
  "historyId" : "29300f720fe0109f83442a8fb4bb3911",
  "time" : {
    "start" : 1571556242460,
    "stop" : 1571556242461,
    "duration" : 1
  },
  "status" : "failed",
  "statusMessage" : "AssertionError: assert 10 == 8\n +  where 10 = add(5, 5)",
  "statusTrace" : "self = <Work.test_work.TestB object at 0x10d8d3358>\n\n    def test_five(self):\n        logging.info(\"This is test_five!!!\")\n>       assert add(5, 5) == 8\nE       assert 10 == 8\nE        +  where 10 = add(5, 5)\n\ntest_work.py:53: AssertionError",
  "flaky" : false,
  "newFailed" : false,
  "beforeStages" : [ {
    "name" : "_Module__pytest_setup_module",
    "time" : {
      "start" : 1571556242439,
      "stop" : 1571556242439,
      "duration" : 0
    },
    "status" : "passed",
    "steps" : [ ],
    "attachments" : [ ],
    "parameters" : [ ],
    "stepsCount" : 0,
    "attachmentsCount" : 0,
    "shouldDisplayMessage" : false,
    "hasContent" : false
  }, {
    "name" : "_Class__pytest_setup_method",
    "time" : {
      "start" : 1571556242460,
      "stop" : 1571556242460,
      "duration" : 0
    },
    "status" : "passed",
    "steps" : [ ],
    "attachments" : [ ],
    "parameters" : [ ],
    "stepsCount" : 0,
    "attachmentsCount" : 0,
    "shouldDisplayMessage" : false,
    "hasContent" : false
  } ],
  "testStage" : {
    "status" : "failed",
    "statusMessage" : "AssertionError: assert 10 == 8\n +  where 10 = add(5, 5)",
    "statusTrace" : "self = <Work.test_work.TestB object at 0x10d8d3358>\n\n    def test_five(self):\n        logging.info(\"This is test_five!!!\")\n>       assert add(5, 5) == 8\nE       assert 10 == 8\nE        +  where 10 = add(5, 5)\n\ntest_work.py:53: AssertionError",
    "steps" : [ ],
    "attachments" : [ {
      "uid" : "f6dc31ad9e65c16e",
      "name" : "log",
      "source" : "f6dc31ad9e65c16e.txt",
      "type" : "text/plain",
      "size" : 89
    }, {
      "uid" : "aecdda791137beae",
      "name" : "stderr",
      "source" : "aecdda791137beae.txt",
      "type" : "text/plain",
      "size" : 50
    } ],
    "parameters" : [ ],
    "stepsCount" : 0,
    "attachmentsCount" : 2,
    "shouldDisplayMessage" : true,
    "hasContent" : true
  },
  "afterStages" : [ {
    "name" : "_Module__pytest_setup_module::0",
    "time" : {
      "start" : 1571556242491,
      "stop" : 1571556242491,
      "duration" : 0
    },
    "status" : "passed",
    "steps" : [ ],
    "attachments" : [ ],
    "parameters" : [ ],
    "stepsCount" : 0,
    "attachmentsCount" : 0,
    "shouldDisplayMessage" : false,
    "hasContent" : false
  }, {
    "name" : "_Class__pytest_setup_method::0",
    "time" : {
      "start" : 1571556242464,
      "stop" : 1571556242464,
      "duration" : 0
    },
    "status" : "passed",
    "steps" : [ ],
    "attachments" : [ ],
    "parameters" : [ ],
    "stepsCount" : 0,
    "attachmentsCount" : 0,
    "shouldDisplayMessage" : false,
    "hasContent" : false
  } ],
  "labels" : [ {
    "name" : "suite",
    "value" : "test_work"
  }, {
    "name" : "subSuite",
    "value" : "TestB"
  }, {
    "name" : "host",
    "value" : "ParsondeMacBook-Pro.local"
  }, {
    "name" : "thread",
    "value" : "9724-MainThread"
  }, {
    "name" : "framework",
    "value" : "pytest"
  }, {
    "name" : "language",
    "value" : "cpython3"
  }, {
    "name" : "package",
    "value" : "test_work"
  }, {
    "name" : "resultFormat",
    "value" : "allure2"
  } ],
  "parameters" : [ ],
  "links" : [ ],
  "hidden" : false,
  "retry" : false,
  "extra" : {
    "severity" : "normal",
    "retries" : [ ],
    "categories" : [ {
      "name" : "Product defects",
      "matchedStatuses" : [ ],
      "flaky" : false
    } ],
    "tags" : [ ]
  },
  "source" : "3bd459a29a9df3a0.json",
  "parameterValues" : [ ]
}